<?xml version="1.0" encoding="UTF-8"?>
<!-- Generated by org.testng.reporters.JUnitXMLReporter -->
<testsuite ignored="0" hostname="DESKTOP-CI74CGQ" failures="1" tests="7" name="Login Page Test" time="63.614" errors="0" timestamp="2025-04-12T21:27:47 IST">
  <testcase classname="com.qa.crm.tests.LoginPageTest" name="bellIconExist" time="0.383">
    <skipped/>
  </testcase> <!-- bellIconExist -->
  <testcase classname="com.qa.crm.tests.LoginPageTest" name="bellIconExist" time="0.086">
    <skipped/>
  </testcase> <!-- bellIconExist -->
  <testcase classname="com.qa.crm.tests.LoginPageTest" name="bellIconExist" time="0.054">
    <skipped/>
  </testcase> <!-- bellIconExist -->
  <testcase classname="com.qa.crm.tests.LoginPageTest" name="bellIconExist" time="0.099">
    <failure type="java.lang.AssertionError" message="expected [true] but found [false]">
      <![CDATA[java.lang.AssertionError: expected [true] but found [false]
at com.qa.crm.tests.LoginPageTest.bellIconExist(LoginPageTest.java:58)
at java.base/java.util.ArrayList.forEach(ArrayList.java:1511)
at java.base/java.util.concurrent.FutureTask.run(FutureTask.java:264)
at java.base/java.util.concurrent.ThreadPoolExecutor.runWorker(ThreadPoolExecutor.java:1136)
at java.base/java.util.concurrent.ThreadPoolExecutor$Worker.run(ThreadPoolExecutor.java:635)
at java.base/java.lang.Thread.run(Thread.java:833)
... Removed 21 stack frames]]>
    </failure>
  </testcase> <!-- bellIconExist -->
  <testcase classname="com.qa.crm.tests.LoginPageTest" name="loginPageTitleTest" time="0.058"/>
  <testcase classname="com.qa.crm.tests.LoginPageTest" name="loginPageURLTest" time="0.091"/>
  <testcase classname="com.qa.crm.tests.LoginPageTest" name="loginTest" time="4.862"/>
</testsuite> <!-- Login Page Test -->
