<?xml version="1.0" encoding="UTF-8"?>
<!-- Generated by org.testng.reporters.JUnitReportReporter -->
<testsuite hostname="DESKTOP-CI74CGQ" failures="1" tests="7" name="com.qa.crm.tests.LoginPageTest" time="5.633" errors="0" timestamp="2025-04-12T21:30:17 IST" skipped="3">
  <testcase classname="com.qa.crm.tests.LoginPageTest" name="loginPageURLTest" time="0.091"/>
  <testcase classname="com.qa.crm.tests.LoginPageTest" name="bellIconExist" time="0.383">
    <skipped/>
  </testcase> <!-- bellIconExist -->
  <testcase classname="com.qa.crm.tests.LoginPageTest" name="loginPageTitleTest" time="0.058"/>
  <testcase classname="com.qa.crm.tests.LoginPageTest" name="bellIconExist" time="0.086">
    <skipped/>
  </testcase> <!-- bellIconExist -->
  <testcase classname="com.qa.crm.tests.LoginPageTest" name="bellIconExist" time="0.054">
    <skipped/>
  </testcase> <!-- bellIconExist -->
  <testcase classname="com.qa.crm.tests.LoginPageTest" name="bellIconExist" time="0.099">
    <failure message="expected [true] but found [false]" type="java.lang.AssertionError">
      <![CDATA[java.lang.AssertionError: expected [true] but found [false]
at org.testng.Assert.fail(Assert.java:111)
at org.testng.Assert.failNotEquals(Assert.java:1578)
at org.testng.Assert.assertTrue(Assert.java:57)
at org.testng.Assert.assertTrue(Assert.java:67)
at com.qa.crm.tests.LoginPageTest.bellIconExist(LoginPageTest.java:58)
at java.base/jdk.internal.reflect.NativeMethodAccessorImpl.invoke0(Native Method)
at java.base/jdk.internal.reflect.NativeMethodAccessorImpl.invoke(NativeMethodAccessorImpl.java:77)
at java.base/jdk.internal.reflect.DelegatingMethodAccessorImpl.invoke(DelegatingMethodAccessorImpl.java:43)
at java.base/java.lang.reflect.Method.invoke(Method.java:568)
at org.testng.internal.invokers.MethodInvocationHelper.invokeMethod(MethodInvocationHelper.java:141)
at org.testng.internal.invokers.TestInvoker.invokeMethod(TestInvoker.java:686)
at org.testng.internal.invokers.TestInvoker.retryFailed(TestInvoker.java:269)
at org.testng.internal.invokers.MethodRunner.runInSequence(MethodRunner.java:76)
at org.testng.internal.invokers.TestInvoker$MethodInvocationAgent.invoke(TestInvoker.java:992)
at org.testng.internal.invokers.TestInvoker.invokeTestMethods(TestInvoker.java:203)
at org.testng.internal.invokers.TestMethodWorker.invokeTestMethods(TestMethodWorker.java:154)
at org.testng.internal.invokers.TestMethodWorker.run(TestMethodWorker.java:134)
at java.base/java.util.ArrayList.forEach(ArrayList.java:1511)
at org.testng.TestRunner.privateRun(TestRunner.java:739)
at org.testng.TestRunner.run(TestRunner.java:614)
at org.testng.SuiteRunner.runTest(SuiteRunner.java:421)
at org.testng.SuiteRunner$SuiteWorker.run(SuiteRunner.java:463)
at org.testng.internal.thread.ThreadUtil.lambda$execute$0(ThreadUtil.java:64)
at java.base/java.util.concurrent.FutureTask.run(FutureTask.java:264)
at java.base/java.util.concurrent.ThreadPoolExecutor.runWorker(ThreadPoolExecutor.java:1136)
at java.base/java.util.concurrent.ThreadPoolExecutor$Worker.run(ThreadPoolExecutor.java:635)
at java.base/java.lang.Thread.run(Thread.java:833)
]]>
    </failure>
  </testcase> <!-- bellIconExist -->
  <testcase classname="com.qa.crm.tests.LoginPageTest" name="loginTest" time="4.862"/>
</testsuite> <!-- com.qa.crm.tests.LoginPageTest -->
