<!DOCTYPE html>

<html>
  <head>
  <meta charset='utf-8'>
  <title>TestNG reports</title>

    <link type="text/css" href="testng-reports1.css" rel="stylesheet" id="ultra" />
    <link type="text/css" href="testng-reports.css" rel="stylesheet" id="retro" disabled="false"/>
    <script type="text/javascript" src="jquery-3.6.0.min.js"></script>
    <script type="text/javascript" src="testng-reports.js"></script>
    <script type="text/javascript" src="https://www.google.com/jsapi"></script>
    <script type='text/javascript'>
      google.load('visualization', '1', {packages:['table']});
      google.setOnLoadCallback(drawTable);
      var suiteTableInitFunctions = new Array();
      var suiteTableData = new Array();
    </script>
    <!--
      <script type="text/javascript" src="jquery-ui/js/jquery-ui-1.8.16.custom.min.js"></script>
     -->
  </head>

  <body>    <div class="top-banner-root">
      <span class="top-banner-title-font">Test results</span>
      <button id="button" class="button">Switch Retro Theme</button> <!-- button -->
      <br/>
      <span class="top-banner-font-1">1 suite, 3 failed tests</span>
    </div> <!-- top-banner-root -->
    <div class="navigator-root">
      <div class="navigator-suite-header">
        <span>All suites</span>
        <a href="#" title="Collapse/expand all the suites" class="collapse-all-link">
          <img src="collapseall.gif" class="collapse-all-icon">
          </img> <!-- collapse-all-icon -->
        </a> <!-- collapse-all-link -->
      </div> <!-- navigator-suite-header -->
      <div class="suite">
        <div class="rounded-window">
          <div class="suite-header light-rounded-window-top">
            <a href="#" panel-name="suite-CRM_App_Test_Regression_Suite" class="navigator-link">
              <span class="suite-name border-failed">CRM App Test Regression Suite</span>
            </a> <!-- navigator-link -->
          </div> <!-- suite-header light-rounded-window-top -->
          <div class="navigator-suite-content">
            <div class="suite-section-title">
              <span>Info</span>
            </div> <!-- suite-section-title -->
            <div class="suite-section-content">
              <ul>
                <li>
                  <a href="#" panel-name="test-xml-CRM_App_Test_Regression_Suite" class="navigator-link ">
                    <span>C:\Users\Dell\Downloads\Automation\AutomationFramework\workspace\SeleniumPOMTestNGFramework\src\test\resources\testrunners\testng_regression.xml</span>
                  </a> <!-- navigator-link  -->
                </li>
                <li>
                  <a href="#" panel-name="testlist-CRM_App_Test_Regression_Suite" class="navigator-link ">
                    <span class="test-stats">4 tests</span>
                  </a> <!-- navigator-link  -->
                </li>
                <li>
                  <a href="#" panel-name="group-CRM_App_Test_Regression_Suite" class="navigator-link ">
                    <span>0 groups</span>
                  </a> <!-- navigator-link  -->
                </li>
                <li>
                  <a href="#" panel-name="times-CRM_App_Test_Regression_Suite" class="navigator-link ">
                    <span>Times</span>
                  </a> <!-- navigator-link  -->
                </li>
                <li>
                  <a href="#" panel-name="reporter-CRM_App_Test_Regression_Suite" class="navigator-link ">
                    <span>Reporter output</span>
                  </a> <!-- navigator-link  -->
                </li>
                <li>
                  <a href="#" panel-name="ignored-methods-CRM_App_Test_Regression_Suite" class="navigator-link ">
                    <span>Ignored methods</span>
                  </a> <!-- navigator-link  -->
                </li>
                <li>
                  <a href="#" panel-name="chronological-CRM_App_Test_Regression_Suite" class="navigator-link ">
                    <span>Chronological view</span>
                  </a> <!-- navigator-link  -->
                </li>
              </ul>
            </div> <!-- suite-section-content -->
            <div class="result-section">
              <div class="suite-section-title">
                <span>Results</span>
              </div> <!-- suite-section-title -->
              <div class="suite-section-content">
                <ul>
                  <li>
                    <span class="method-stats">29 methods, 3 failed,  9 skipped,  17 passed</span>
                  </li>
                  <li>
                    <span class="method-list-title failed">Failed methods</span>
                    <span class="show-or-hide-methods failed">
                      <a href="#" panel-name="suite-CRM_App_Test_Regression_Suite" class="hide-methods failed suite-CRM_App_Test_Regression_Suite"> (hide)</a> <!-- hide-methods failed suite-CRM_App_Test_Regression_Suite -->
                      <a href="#" panel-name="suite-CRM_App_Test_Regression_Suite" class="show-methods failed suite-CRM_App_Test_Regression_Suite"> (show)</a> <!-- show-methods failed suite-CRM_App_Test_Regression_Suite -->
                    </span>
                    <div class="method-list-content failed suite-CRM_App_Test_Regression_Suite">
                      <span>
                        <img src="failed.png" width="3%"/>
                        <a href="#" panel-name="suite-CRM_App_Test_Regression_Suite" title="com.qa.crm.tests.FormPageTest" class="method navigator-link" hash-for-method="formSubmitPageTest(Mukta, Testing567, GDFSDFFFF)">formSubmitPageTest(Mukta, Testing567, GDFSDFFFF)</a> <!-- method navigator-link -->
                      </span>
                      <br/>
                      <span>
                        <img src="failed.png" width="3%"/>
                        <a href="#" panel-name="suite-CRM_App_Test_Regression_Suite" title="com.qa.crm.tests.FormPageTest" class="method navigator-link" hash-for-method="formSubmitPageTest(David, Testing345, ASDASDASD)">formSubmitPageTest(David, Testing345, ASDASDASD)</a> <!-- method navigator-link -->
                      </span>
                      <br/>
                      <span>
                        <img src="failed.png" width="3%"/>
                        <a href="#" panel-name="suite-CRM_App_Test_Regression_Suite" title="com.qa.crm.tests.FormPageTest" class="method navigator-link" hash-for-method="formSubmitPageTest(TOM, Testing123, GSDFSDCSXCC)">formSubmitPageTest(TOM, Testing123, GSDFSDCSXCC)</a> <!-- method navigator-link -->
                      </span>
                      <br/>
                    </div> <!-- method-list-content failed suite-CRM_App_Test_Regression_Suite -->
                  </li>
                  <li>
                    <span class="method-list-title skipped">Retried methods</span>
                    <span class="show-or-hide-methods skipped">
                      <a href="#" panel-name="suite-CRM_App_Test_Regression_Suite" class="hide-methods skipped suite-CRM_App_Test_Regression_Suite"> (hide)</a> <!-- hide-methods skipped suite-CRM_App_Test_Regression_Suite -->
                      <a href="#" panel-name="suite-CRM_App_Test_Regression_Suite" class="show-methods skipped suite-CRM_App_Test_Regression_Suite"> (show)</a> <!-- show-methods skipped suite-CRM_App_Test_Regression_Suite -->
                    </span>
                    <div class="method-list-content skipped suite-CRM_App_Test_Regression_Suite">
                      <span>
                        <img src="skipped.png" width="3%"/>
                        <a href="#" panel-name="suite-CRM_App_Test_Regression_Suite" title="com.qa.crm.tests.FormPageTest" class="method navigator-link" hash-for-method="formSubmitPageTest(David, Testing345, ASDASDASD)">formSubmitPageTest(David, Testing345, ASDASDASD)</a> <!-- method navigator-link -->
                      </span>
                      <br/>
                      <span>
                        <img src="skipped.png" width="3%"/>
                        <a href="#" panel-name="suite-CRM_App_Test_Regression_Suite" title="com.qa.crm.tests.FormPageTest" class="method navigator-link" hash-for-method="formSubmitPageTest(Mukta, Testing567, GDFSDFFFF)">formSubmitPageTest(Mukta, Testing567, GDFSDFFFF)</a> <!-- method navigator-link -->
                      </span>
                      <br/>
                      <span>
                        <img src="skipped.png" width="3%"/>
                        <a href="#" panel-name="suite-CRM_App_Test_Regression_Suite" title="com.qa.crm.tests.FormPageTest" class="method navigator-link" hash-for-method="formSubmitPageTest(TOM, Testing123, GSDFSDCSXCC)">formSubmitPageTest(TOM, Testing123, GSDFSDCSXCC)</a> <!-- method navigator-link -->
                      </span>
                      <br/>
                      <span>
                        <img src="skipped.png" width="3%"/>
                        <a href="#" panel-name="suite-CRM_App_Test_Regression_Suite" title="com.qa.crm.tests.FormPageTest" class="method navigator-link" hash-for-method="formSubmitPageTest(Mukta, Testing567, GDFSDFFFF)">formSubmitPageTest(Mukta, Testing567, GDFSDFFFF)</a> <!-- method navigator-link -->
                      </span>
                      <br/>
                      <span>
                        <img src="skipped.png" width="3%"/>
                        <a href="#" panel-name="suite-CRM_App_Test_Regression_Suite" title="com.qa.crm.tests.FormPageTest" class="method navigator-link" hash-for-method="formSubmitPageTest(David, Testing345, ASDASDASD)">formSubmitPageTest(David, Testing345, ASDASDASD)</a> <!-- method navigator-link -->
                      </span>
                      <br/>
                      <span>
                        <img src="skipped.png" width="3%"/>
                        <a href="#" panel-name="suite-CRM_App_Test_Regression_Suite" title="com.qa.crm.tests.FormPageTest" class="method navigator-link" hash-for-method="formSubmitPageTest(Mukta, Testing567, GDFSDFFFF)">formSubmitPageTest(Mukta, Testing567, GDFSDFFFF)</a> <!-- method navigator-link -->
                      </span>
                      <br/>
                      <span>
                        <img src="skipped.png" width="3%"/>
                        <a href="#" panel-name="suite-CRM_App_Test_Regression_Suite" title="com.qa.crm.tests.FormPageTest" class="method navigator-link" hash-for-method="formSubmitPageTest(TOM, Testing123, GSDFSDCSXCC)">formSubmitPageTest(TOM, Testing123, GSDFSDCSXCC)</a> <!-- method navigator-link -->
                      </span>
                      <br/>
                      <span>
                        <img src="skipped.png" width="3%"/>
                        <a href="#" panel-name="suite-CRM_App_Test_Regression_Suite" title="com.qa.crm.tests.FormPageTest" class="method navigator-link" hash-for-method="formSubmitPageTest(TOM, Testing123, GSDFSDCSXCC)">formSubmitPageTest(TOM, Testing123, GSDFSDCSXCC)</a> <!-- method navigator-link -->
                      </span>
                      <br/>
                      <span>
                        <img src="skipped.png" width="3%"/>
                        <a href="#" panel-name="suite-CRM_App_Test_Regression_Suite" title="com.qa.crm.tests.FormPageTest" class="method navigator-link" hash-for-method="formSubmitPageTest(David, Testing345, ASDASDASD)">formSubmitPageTest(David, Testing345, ASDASDASD)</a> <!-- method navigator-link -->
                      </span>
                      <br/>
                    </div> <!-- method-list-content skipped suite-CRM_App_Test_Regression_Suite -->
                  </li>
                  <li>
                    <span class="method-list-title passed">Passed methods</span>
                    <span class="show-or-hide-methods passed">
                      <a href="#" panel-name="suite-CRM_App_Test_Regression_Suite" class="hide-methods passed suite-CRM_App_Test_Regression_Suite"> (hide)</a> <!-- hide-methods passed suite-CRM_App_Test_Regression_Suite -->
                      <a href="#" panel-name="suite-CRM_App_Test_Regression_Suite" class="show-methods passed suite-CRM_App_Test_Regression_Suite"> (show)</a> <!-- show-methods passed suite-CRM_App_Test_Regression_Suite -->
                    </span>
                    <div class="method-list-content passed suite-CRM_App_Test_Regression_Suite">
                      <span>
                        <img src="passed.png" width="3%"/>
                        <a href="#" panel-name="suite-CRM_App_Test_Regression_Suite" title="com.qa.crm.tests.LoginPageTest" class="method navigator-link" hash-for-method="bellIconExist">bellIconExist</a> <!-- method navigator-link -->
                      </span>
                      <br/>
                      <span>
                        <img src="passed.png" width="3%"/>
                        <a href="#" panel-name="suite-CRM_App_Test_Regression_Suite" title="com.qa.crm.tests.ContactsPageTest" class="method navigator-link" hash-for-method="createNewContactTest(Andy, Flower, Google)">createNewContactTest(Andy, Flower, Google)</a> <!-- method navigator-link -->
                      </span>
                      <br/>
                      <span>
                        <img src="passed.png" width="3%"/>
                        <a href="#" panel-name="suite-CRM_App_Test_Regression_Suite" title="com.qa.crm.tests.ContactsPageTest" class="method navigator-link" hash-for-method="createNewContactTest(Bret, Lee, Flipkart)">createNewContactTest(Bret, Lee, Flipkart)</a> <!-- method navigator-link -->
                      </span>
                      <br/>
                      <span>
                        <img src="passed.png" width="3%"/>
                        <a href="#" panel-name="suite-CRM_App_Test_Regression_Suite" title="com.qa.crm.tests.ContactsPageTest" class="method navigator-link" hash-for-method="createNewContactTest(Joe, Simon, Amazon)">createNewContactTest(Joe, Simon, Amazon)</a> <!-- method navigator-link -->
                      </span>
                      <br/>
                      <span>
                        <img src="passed.png" width="3%"/>
                        <a href="#" panel-name="suite-CRM_App_Test_Regression_Suite" title="com.qa.crm.tests.HomePageTest" class="method navigator-link" hash-for-method="homePageHeadersCountTest">homePageHeadersCountTest</a> <!-- method navigator-link -->
                      </span>
                      <br/>
                      <span>
                        <img src="passed.png" width="3%"/>
                        <a href="#" panel-name="suite-CRM_App_Test_Regression_Suite" title="com.qa.crm.tests.HomePageTest" class="method navigator-link" hash-for-method="homePageHeadersTest">homePageHeadersTest</a> <!-- method navigator-link -->
                      </span>
                      <br/>
                      <span>
                        <img src="passed.png" width="3%"/>
                        <a href="#" panel-name="suite-CRM_App_Test_Regression_Suite" title="com.qa.crm.tests.HomePageTest" class="method navigator-link" hash-for-method="homePageTitleTest">homePageTitleTest</a> <!-- method navigator-link -->
                      </span>
                      <br/>
                      <span>
                        <img src="passed.png" width="3%"/>
                        <a href="#" panel-name="suite-CRM_App_Test_Regression_Suite" title="com.qa.crm.tests.HomePageTest" class="method navigator-link" hash-for-method="isCalendarPageIconTest">isCalendarPageIconTest</a> <!-- method navigator-link -->
                      </span>
                      <br/>
                      <span>
                        <img src="passed.png" width="3%"/>
                        <a href="#" panel-name="suite-CRM_App_Test_Regression_Suite" title="com.qa.crm.tests.HomePageTest" class="method navigator-link" hash-for-method="isContactsPageIconTest">isContactsPageIconTest</a> <!-- method navigator-link -->
                      </span>
                      <br/>
                      <span>
                        <img src="passed.png" width="3%"/>
                        <a href="#" panel-name="suite-CRM_App_Test_Regression_Suite" title="com.qa.crm.tests.HomePageTest" class="method navigator-link" hash-for-method="isHomePageIconTest">isHomePageIconTest</a> <!-- method navigator-link -->
                      </span>
                      <br/>
                      <span>
                        <img src="passed.png" width="3%"/>
                        <a href="#" panel-name="suite-CRM_App_Test_Regression_Suite" title="com.qa.crm.tests.LoginPageTest" class="method navigator-link" hash-for-method="loginPageTitleTest">loginPageTitleTest</a> <!-- method navigator-link -->
                      </span>
                      <br/>
                      <span>
                        <img src="passed.png" width="3%"/>
                        <a href="#" panel-name="suite-CRM_App_Test_Regression_Suite" title="com.qa.crm.tests.LoginPageTest" class="method navigator-link" hash-for-method="loginPageURLTest">loginPageURLTest</a> <!-- method navigator-link -->
                      </span>
                      <br/>
                      <span>
                        <img src="passed.png" width="3%"/>
                        <a href="#" panel-name="suite-CRM_App_Test_Regression_Suite" title="com.qa.crm.tests.LoginPageTest" class="method navigator-link" hash-for-method="loginTest">loginTest</a> <!-- method navigator-link -->
                      </span>
                      <br/>
                      <span>
                        <img src="passed.png" width="3%"/>
                        <a href="#" panel-name="suite-CRM_App_Test_Regression_Suite" title="com.qa.crm.tests.ContactsPageTest" class="method navigator-link" hash-for-method="searchTest(Andy, Andy Flower)">searchTest(Andy, Andy Flower)</a> <!-- method navigator-link -->
                      </span>
                      <br/>
                      <span>
                        <img src="passed.png" width="3%"/>
                        <a href="#" panel-name="suite-CRM_App_Test_Regression_Suite" title="com.qa.crm.tests.ContactsPageTest" class="method navigator-link" hash-for-method="searchTest(Bret, Bret Lee)">searchTest(Bret, Bret Lee)</a> <!-- method navigator-link -->
                      </span>
                      <br/>
                      <span>
                        <img src="passed.png" width="3%"/>
                        <a href="#" panel-name="suite-CRM_App_Test_Regression_Suite" title="com.qa.crm.tests.ContactsPageTest" class="method navigator-link" hash-for-method="searchTest(Joe, Joe Simon)">searchTest(Joe, Joe Simon)</a> <!-- method navigator-link -->
                      </span>
                      <br/>
                      <span>
                        <img src="passed.png" width="3%"/>
                        <a href="#" panel-name="suite-CRM_App_Test_Regression_Suite" title="com.qa.crm.tests.ContactsPageTest" class="method navigator-link" hash-for-method="verifyContactsPageLabelTest">verifyContactsPageLabelTest</a> <!-- method navigator-link -->
                      </span>
                      <br/>
                    </div> <!-- method-list-content passed suite-CRM_App_Test_Regression_Suite -->
                  </li>
                </ul>
              </div> <!-- suite-section-content -->
            </div> <!-- result-section -->
          </div> <!-- navigator-suite-content -->
        </div> <!-- rounded-window -->
      </div> <!-- suite -->
    </div> <!-- navigator-root -->
    <div class="wrapper">
      <div class="main-panel-root">
        <div panel-name="suite-CRM_App_Test_Regression_Suite" class="panel CRM_App_Test_Regression_Suite">
          <div class="suite-CRM_App_Test_Regression_Suite-class-failed">
            <div class="main-panel-header rounded-window-top">
              <img src="failed.png"/>
              <span class="class-name">com.qa.crm.tests.FormPageTest</span>
            </div> <!-- main-panel-header rounded-window-top -->
            <div class="main-panel-content rounded-window-bottom">
              <div class="method">
                <div class="method-content">
                  <a name="formSubmitPageTest(Mukta, Testing567, GDFSDFFFF)">
                  </a> <!-- formSubmitPageTest(Mukta, Testing567, GDFSDFFFF) -->
                  <span class="method-name">formSubmitPageTest</span>
                  <span class="parameters">(Mukta,Testing567,GDFSDFFFF)</span>
                  <div class="stack-trace">org.openqa.selenium.NoSuchElementException: no such element: Unable to locate element: {&quot;method&quot;:&quot;xpath&quot;,&quot;selector&quot;:&quot;//button[@class=&apos;ui linkedin button&apos;]&quot;}
  (Session info: chrome=135.0.7049.85)
For documentation on this error, please visit: https://www.selenium.dev/documentation/webdriver/troubleshooting/errors#no-such-element-exception
Build info: version: &apos;4.31.0&apos;, revision: &apos;1ef9f18787*&apos;
System info: os.name: &apos;Windows 10&apos;, os.arch: &apos;amd64&apos;, os.version: &apos;10.0&apos;, java.version: &apos;17.0.7&apos;
Driver info: org.openqa.selenium.chrome.ChromeDriver
Command: [e0f8c09a4c5efbb670ab965d43c73e90, findElement {using=xpath, value=//button[@class=&apos;ui linkedin button&apos;]}]
Capabilities {acceptInsecureCerts: false, browserName: chrome, browserVersion: 135.0.7049.85, chrome: {chromedriverVersion: 135.0.7049.84 (6c019e560019..., userDataDir: C:\Users\Dell\AppData\Local...}, fedcm:accounts: true, goog:chromeOptions: {debuggerAddress: localhost:60254}, networkConnectionEnabled: false, pageLoadStrategy: normal, platformName: windows, proxy: Proxy(), se:cdp: ws://localhost:60254/devtoo..., se:cdpVersion: 135.0.7049.85, setWindowRect: true, strictFileInteractability: false, timeouts: {implicit: 0, pageLoad: 300000, script: 30000}, unhandledPromptBehavior: dismiss and notify, webauthn:extension:credBlob: true, webauthn:extension:largeBlob: true, webauthn:extension:minPinLength: true, webauthn:extension:prf: true, webauthn:virtualAuthenticators: true}
Session ID: e0f8c09a4c5efbb670ab965d43c73e90
	at org.openqa.selenium.remote.ErrorCodec.decode(ErrorCodec.java:167)
	at org.openqa.selenium.remote.codec.w3c.W3CHttpResponseCodec.decode(W3CHttpResponseCodec.java:138)
	at org.openqa.selenium.remote.codec.w3c.W3CHttpResponseCodec.decode(W3CHttpResponseCodec.java:50)
	at org.openqa.selenium.remote.HttpCommandExecutor.execute(HttpCommandExecutor.java:215)
	at org.openqa.selenium.remote.service.DriverCommandExecutor.invokeExecute(DriverCommandExecutor.java:216)
	at org.openqa.selenium.remote.service.DriverCommandExecutor.execute(DriverCommandExecutor.java:174)
	at org.openqa.selenium.remote.RemoteWebDriver.execute(RemoteWebDriver.java:545)
	at org.openqa.selenium.remote.ElementLocation$ElementFinder$2.findElement(ElementLocation.java:165)
	at org.openqa.selenium.remote.ElementLocation.findElement(ElementLocation.java:59)
	at org.openqa.selenium.remote.RemoteWebDriver.findElement(RemoteWebDriver.java:368)
	at org.openqa.selenium.remote.RemoteWebDriver.findElement(RemoteWebDriver.java:362)
	at com.qa.crm.utils.ElementUtil.getElement(ElementUtil.java:78)
	at com.qa.crm.utils.ElementUtil.doClick(ElementUtil.java:43)
	at com.qa.crm.pages.FormPage.addForm(FormPage.java:31)
	at com.qa.crm.tests.FormPageTest.formSubmitPageTest(FormPageTest.java:33)
	at java.base/java.util.ArrayList.forEach(ArrayList.java:1511)
	at java.base/java.util.concurrent.FutureTask.run(FutureTask.java:264)
	at java.base/java.util.concurrent.ThreadPoolExecutor.runWorker(ThreadPoolExecutor.java:1136)
	at java.base/java.util.concurrent.ThreadPoolExecutor$Worker.run(ThreadPoolExecutor.java:635)
	at java.base/java.lang.Thread.run(Thread.java:833)
... Removed 22 stack frames
</div> <!-- stack-trace -->
                </div> <!-- method-content -->
              </div> <!-- method -->
              <div class="method">
                <div class="method-content">
                  <a name="formSubmitPageTest(David, Testing345, ASDASDASD)">
                  </a> <!-- formSubmitPageTest(David, Testing345, ASDASDASD) -->
                  <span class="method-name">formSubmitPageTest</span>
                  <span class="parameters">(David,Testing345,ASDASDASD)</span>
                  <div class="stack-trace">org.openqa.selenium.NoSuchElementException: no such element: Unable to locate element: {&quot;method&quot;:&quot;xpath&quot;,&quot;selector&quot;:&quot;//button[@class=&apos;ui linkedin button&apos;]&quot;}
  (Session info: chrome=135.0.7049.85)
For documentation on this error, please visit: https://www.selenium.dev/documentation/webdriver/troubleshooting/errors#no-such-element-exception
Build info: version: &apos;4.31.0&apos;, revision: &apos;1ef9f18787*&apos;
System info: os.name: &apos;Windows 10&apos;, os.arch: &apos;amd64&apos;, os.version: &apos;10.0&apos;, java.version: &apos;17.0.7&apos;
Driver info: org.openqa.selenium.chrome.ChromeDriver
Command: [e0f8c09a4c5efbb670ab965d43c73e90, findElement {using=xpath, value=//button[@class=&apos;ui linkedin button&apos;]}]
Capabilities {acceptInsecureCerts: false, browserName: chrome, browserVersion: 135.0.7049.85, chrome: {chromedriverVersion: 135.0.7049.84 (6c019e560019..., userDataDir: C:\Users\Dell\AppData\Local...}, fedcm:accounts: true, goog:chromeOptions: {debuggerAddress: localhost:60254}, networkConnectionEnabled: false, pageLoadStrategy: normal, platformName: windows, proxy: Proxy(), se:cdp: ws://localhost:60254/devtoo..., se:cdpVersion: 135.0.7049.85, setWindowRect: true, strictFileInteractability: false, timeouts: {implicit: 0, pageLoad: 300000, script: 30000}, unhandledPromptBehavior: dismiss and notify, webauthn:extension:credBlob: true, webauthn:extension:largeBlob: true, webauthn:extension:minPinLength: true, webauthn:extension:prf: true, webauthn:virtualAuthenticators: true}
Session ID: e0f8c09a4c5efbb670ab965d43c73e90
	at org.openqa.selenium.remote.ErrorCodec.decode(ErrorCodec.java:167)
	at org.openqa.selenium.remote.codec.w3c.W3CHttpResponseCodec.decode(W3CHttpResponseCodec.java:138)
	at org.openqa.selenium.remote.codec.w3c.W3CHttpResponseCodec.decode(W3CHttpResponseCodec.java:50)
	at org.openqa.selenium.remote.HttpCommandExecutor.execute(HttpCommandExecutor.java:215)
	at org.openqa.selenium.remote.service.DriverCommandExecutor.invokeExecute(DriverCommandExecutor.java:216)
	at org.openqa.selenium.remote.service.DriverCommandExecutor.execute(DriverCommandExecutor.java:174)
	at org.openqa.selenium.remote.RemoteWebDriver.execute(RemoteWebDriver.java:545)
	at org.openqa.selenium.remote.ElementLocation$ElementFinder$2.findElement(ElementLocation.java:165)
	at org.openqa.selenium.remote.ElementLocation.findElement(ElementLocation.java:59)
	at org.openqa.selenium.remote.RemoteWebDriver.findElement(RemoteWebDriver.java:368)
	at org.openqa.selenium.remote.RemoteWebDriver.findElement(RemoteWebDriver.java:362)
	at com.qa.crm.utils.ElementUtil.getElement(ElementUtil.java:78)
	at com.qa.crm.utils.ElementUtil.doClick(ElementUtil.java:43)
	at com.qa.crm.pages.FormPage.addForm(FormPage.java:31)
	at com.qa.crm.tests.FormPageTest.formSubmitPageTest(FormPageTest.java:33)
	at java.base/java.util.ArrayList.forEach(ArrayList.java:1511)
	at java.base/java.util.concurrent.FutureTask.run(FutureTask.java:264)
	at java.base/java.util.concurrent.ThreadPoolExecutor.runWorker(ThreadPoolExecutor.java:1136)
	at java.base/java.util.concurrent.ThreadPoolExecutor$Worker.run(ThreadPoolExecutor.java:635)
	at java.base/java.lang.Thread.run(Thread.java:833)
... Removed 22 stack frames
</div> <!-- stack-trace -->
                </div> <!-- method-content -->
              </div> <!-- method -->
              <div class="method">
                <div class="method-content">
                  <a name="formSubmitPageTest(TOM, Testing123, GSDFSDCSXCC)">
                  </a> <!-- formSubmitPageTest(TOM, Testing123, GSDFSDCSXCC) -->
                  <span class="method-name">formSubmitPageTest</span>
                  <span class="parameters">(TOM,Testing123,GSDFSDCSXCC)</span>
                  <div class="stack-trace">org.openqa.selenium.NoSuchElementException: no such element: Unable to locate element: {&quot;method&quot;:&quot;xpath&quot;,&quot;selector&quot;:&quot;//button[@class=&apos;ui linkedin button&apos;]&quot;}
  (Session info: chrome=135.0.7049.85)
For documentation on this error, please visit: https://www.selenium.dev/documentation/webdriver/troubleshooting/errors#no-such-element-exception
Build info: version: &apos;4.31.0&apos;, revision: &apos;1ef9f18787*&apos;
System info: os.name: &apos;Windows 10&apos;, os.arch: &apos;amd64&apos;, os.version: &apos;10.0&apos;, java.version: &apos;17.0.7&apos;
Driver info: org.openqa.selenium.chrome.ChromeDriver
Command: [e0f8c09a4c5efbb670ab965d43c73e90, findElement {using=xpath, value=//button[@class=&apos;ui linkedin button&apos;]}]
Capabilities {acceptInsecureCerts: false, browserName: chrome, browserVersion: 135.0.7049.85, chrome: {chromedriverVersion: 135.0.7049.84 (6c019e560019..., userDataDir: C:\Users\Dell\AppData\Local...}, fedcm:accounts: true, goog:chromeOptions: {debuggerAddress: localhost:60254}, networkConnectionEnabled: false, pageLoadStrategy: normal, platformName: windows, proxy: Proxy(), se:cdp: ws://localhost:60254/devtoo..., se:cdpVersion: 135.0.7049.85, setWindowRect: true, strictFileInteractability: false, timeouts: {implicit: 0, pageLoad: 300000, script: 30000}, unhandledPromptBehavior: dismiss and notify, webauthn:extension:credBlob: true, webauthn:extension:largeBlob: true, webauthn:extension:minPinLength: true, webauthn:extension:prf: true, webauthn:virtualAuthenticators: true}
Session ID: e0f8c09a4c5efbb670ab965d43c73e90
	at org.openqa.selenium.remote.ErrorCodec.decode(ErrorCodec.java:167)
	at org.openqa.selenium.remote.codec.w3c.W3CHttpResponseCodec.decode(W3CHttpResponseCodec.java:138)
	at org.openqa.selenium.remote.codec.w3c.W3CHttpResponseCodec.decode(W3CHttpResponseCodec.java:50)
	at org.openqa.selenium.remote.HttpCommandExecutor.execute(HttpCommandExecutor.java:215)
	at org.openqa.selenium.remote.service.DriverCommandExecutor.invokeExecute(DriverCommandExecutor.java:216)
	at org.openqa.selenium.remote.service.DriverCommandExecutor.execute(DriverCommandExecutor.java:174)
	at org.openqa.selenium.remote.RemoteWebDriver.execute(RemoteWebDriver.java:545)
	at org.openqa.selenium.remote.ElementLocation$ElementFinder$2.findElement(ElementLocation.java:165)
	at org.openqa.selenium.remote.ElementLocation.findElement(ElementLocation.java:59)
	at org.openqa.selenium.remote.RemoteWebDriver.findElement(RemoteWebDriver.java:368)
	at org.openqa.selenium.remote.RemoteWebDriver.findElement(RemoteWebDriver.java:362)
	at com.qa.crm.utils.ElementUtil.getElement(ElementUtil.java:78)
	at com.qa.crm.utils.ElementUtil.doClick(ElementUtil.java:43)
	at com.qa.crm.pages.FormPage.addForm(FormPage.java:31)
	at com.qa.crm.tests.FormPageTest.formSubmitPageTest(FormPageTest.java:33)
	at java.base/java.util.ArrayList.forEach(ArrayList.java:1511)
	at java.base/java.util.concurrent.FutureTask.run(FutureTask.java:264)
	at java.base/java.util.concurrent.ThreadPoolExecutor.runWorker(ThreadPoolExecutor.java:1136)
	at java.base/java.util.concurrent.ThreadPoolExecutor$Worker.run(ThreadPoolExecutor.java:635)
	at java.base/java.lang.Thread.run(Thread.java:833)
... Removed 22 stack frames
</div> <!-- stack-trace -->
                </div> <!-- method-content -->
              </div> <!-- method -->
            </div> <!-- main-panel-content rounded-window-bottom -->
          </div> <!-- suite-CRM_App_Test_Regression_Suite-class-failed -->
          <div class="suite-CRM_App_Test_Regression_Suite-class-skipped">
            <div class="main-panel-header rounded-window-top">
              <img src="skipped.png"/>
              <span class="class-name">com.qa.crm.tests.FormPageTest</span>
            </div> <!-- main-panel-header rounded-window-top -->
            <div class="main-panel-content rounded-window-bottom">
              <div class="method">
                <div class="method-content">
                  <a name="formSubmitPageTest(David, Testing345, ASDASDASD)">
                  </a> <!-- formSubmitPageTest(David, Testing345, ASDASDASD) -->
                  <span class="method-name">formSubmitPageTest</span>
                  <span class="parameters">(David,Testing345,ASDASDASD)</span>
                  <div class="stack-trace">org.openqa.selenium.NoSuchElementException: no such element: Unable to locate element: {&quot;method&quot;:&quot;xpath&quot;,&quot;selector&quot;:&quot;//button[@class=&apos;ui linkedin button&apos;]&quot;}
  (Session info: chrome=135.0.7049.85)
For documentation on this error, please visit: https://www.selenium.dev/documentation/webdriver/troubleshooting/errors#no-such-element-exception
Build info: version: &apos;4.31.0&apos;, revision: &apos;1ef9f18787*&apos;
System info: os.name: &apos;Windows 10&apos;, os.arch: &apos;amd64&apos;, os.version: &apos;10.0&apos;, java.version: &apos;17.0.7&apos;
Driver info: org.openqa.selenium.chrome.ChromeDriver
Command: [e0f8c09a4c5efbb670ab965d43c73e90, findElement {using=xpath, value=//button[@class=&apos;ui linkedin button&apos;]}]
Capabilities {acceptInsecureCerts: false, browserName: chrome, browserVersion: 135.0.7049.85, chrome: {chromedriverVersion: 135.0.7049.84 (6c019e560019..., userDataDir: C:\Users\Dell\AppData\Local...}, fedcm:accounts: true, goog:chromeOptions: {debuggerAddress: localhost:60254}, networkConnectionEnabled: false, pageLoadStrategy: normal, platformName: windows, proxy: Proxy(), se:cdp: ws://localhost:60254/devtoo..., se:cdpVersion: 135.0.7049.85, setWindowRect: true, strictFileInteractability: false, timeouts: {implicit: 0, pageLoad: 300000, script: 30000}, unhandledPromptBehavior: dismiss and notify, webauthn:extension:credBlob: true, webauthn:extension:largeBlob: true, webauthn:extension:minPinLength: true, webauthn:extension:prf: true, webauthn:virtualAuthenticators: true}
Session ID: e0f8c09a4c5efbb670ab965d43c73e90
	at org.openqa.selenium.remote.ErrorCodec.decode(ErrorCodec.java:167)
	at org.openqa.selenium.remote.codec.w3c.W3CHttpResponseCodec.decode(W3CHttpResponseCodec.java:138)
	at org.openqa.selenium.remote.codec.w3c.W3CHttpResponseCodec.decode(W3CHttpResponseCodec.java:50)
	at org.openqa.selenium.remote.HttpCommandExecutor.execute(HttpCommandExecutor.java:215)
	at org.openqa.selenium.remote.service.DriverCommandExecutor.invokeExecute(DriverCommandExecutor.java:216)
	at org.openqa.selenium.remote.service.DriverCommandExecutor.execute(DriverCommandExecutor.java:174)
	at org.openqa.selenium.remote.RemoteWebDriver.execute(RemoteWebDriver.java:545)
	at org.openqa.selenium.remote.ElementLocation$ElementFinder$2.findElement(ElementLocation.java:165)
	at org.openqa.selenium.remote.ElementLocation.findElement(ElementLocation.java:59)
	at org.openqa.selenium.remote.RemoteWebDriver.findElement(RemoteWebDriver.java:368)
	at org.openqa.selenium.remote.RemoteWebDriver.findElement(RemoteWebDriver.java:362)
	at com.qa.crm.utils.ElementUtil.getElement(ElementUtil.java:78)
	at com.qa.crm.utils.ElementUtil.doClick(ElementUtil.java:43)
	at com.qa.crm.pages.FormPage.addForm(FormPage.java:31)
	at com.qa.crm.tests.FormPageTest.formSubmitPageTest(FormPageTest.java:33)
	at java.base/java.util.ArrayList.forEach(ArrayList.java:1511)
	at java.base/java.util.concurrent.FutureTask.run(FutureTask.java:264)
	at java.base/java.util.concurrent.ThreadPoolExecutor.runWorker(ThreadPoolExecutor.java:1136)
	at java.base/java.util.concurrent.ThreadPoolExecutor$Worker.run(ThreadPoolExecutor.java:635)
	at java.base/java.lang.Thread.run(Thread.java:833)
... Removed 22 stack frames
</div> <!-- stack-trace -->
                </div> <!-- method-content -->
              </div> <!-- method -->
              <div class="method">
                <div class="method-content">
                  <a name="formSubmitPageTest(Mukta, Testing567, GDFSDFFFF)">
                  </a> <!-- formSubmitPageTest(Mukta, Testing567, GDFSDFFFF) -->
                  <span class="method-name">formSubmitPageTest</span>
                  <span class="parameters">(Mukta,Testing567,GDFSDFFFF)</span>
                  <div class="stack-trace">org.openqa.selenium.NoSuchElementException: no such element: Unable to locate element: {&quot;method&quot;:&quot;xpath&quot;,&quot;selector&quot;:&quot;//button[@class=&apos;ui linkedin button&apos;]&quot;}
  (Session info: chrome=135.0.7049.85)
For documentation on this error, please visit: https://www.selenium.dev/documentation/webdriver/troubleshooting/errors#no-such-element-exception
Build info: version: &apos;4.31.0&apos;, revision: &apos;1ef9f18787*&apos;
System info: os.name: &apos;Windows 10&apos;, os.arch: &apos;amd64&apos;, os.version: &apos;10.0&apos;, java.version: &apos;17.0.7&apos;
Driver info: org.openqa.selenium.chrome.ChromeDriver
Command: [e0f8c09a4c5efbb670ab965d43c73e90, findElement {using=xpath, value=//button[@class=&apos;ui linkedin button&apos;]}]
Capabilities {acceptInsecureCerts: false, browserName: chrome, browserVersion: 135.0.7049.85, chrome: {chromedriverVersion: 135.0.7049.84 (6c019e560019..., userDataDir: C:\Users\Dell\AppData\Local...}, fedcm:accounts: true, goog:chromeOptions: {debuggerAddress: localhost:60254}, networkConnectionEnabled: false, pageLoadStrategy: normal, platformName: windows, proxy: Proxy(), se:cdp: ws://localhost:60254/devtoo..., se:cdpVersion: 135.0.7049.85, setWindowRect: true, strictFileInteractability: false, timeouts: {implicit: 0, pageLoad: 300000, script: 30000}, unhandledPromptBehavior: dismiss and notify, webauthn:extension:credBlob: true, webauthn:extension:largeBlob: true, webauthn:extension:minPinLength: true, webauthn:extension:prf: true, webauthn:virtualAuthenticators: true}
Session ID: e0f8c09a4c5efbb670ab965d43c73e90
	at org.openqa.selenium.remote.ErrorCodec.decode(ErrorCodec.java:167)
	at org.openqa.selenium.remote.codec.w3c.W3CHttpResponseCodec.decode(W3CHttpResponseCodec.java:138)
	at org.openqa.selenium.remote.codec.w3c.W3CHttpResponseCodec.decode(W3CHttpResponseCodec.java:50)
	at org.openqa.selenium.remote.HttpCommandExecutor.execute(HttpCommandExecutor.java:215)
	at org.openqa.selenium.remote.service.DriverCommandExecutor.invokeExecute(DriverCommandExecutor.java:216)
	at org.openqa.selenium.remote.service.DriverCommandExecutor.execute(DriverCommandExecutor.java:174)
	at org.openqa.selenium.remote.RemoteWebDriver.execute(RemoteWebDriver.java:545)
	at org.openqa.selenium.remote.ElementLocation$ElementFinder$2.findElement(ElementLocation.java:165)
	at org.openqa.selenium.remote.ElementLocation.findElement(ElementLocation.java:59)
	at org.openqa.selenium.remote.RemoteWebDriver.findElement(RemoteWebDriver.java:368)
	at org.openqa.selenium.remote.RemoteWebDriver.findElement(RemoteWebDriver.java:362)
	at com.qa.crm.utils.ElementUtil.getElement(ElementUtil.java:78)
	at com.qa.crm.utils.ElementUtil.doClick(ElementUtil.java:43)
	at com.qa.crm.pages.FormPage.addForm(FormPage.java:31)
	at com.qa.crm.tests.FormPageTest.formSubmitPageTest(FormPageTest.java:33)
	at java.base/java.util.ArrayList.forEach(ArrayList.java:1511)
	at java.base/java.util.concurrent.FutureTask.run(FutureTask.java:264)
	at java.base/java.util.concurrent.ThreadPoolExecutor.runWorker(ThreadPoolExecutor.java:1136)
	at java.base/java.util.concurrent.ThreadPoolExecutor$Worker.run(ThreadPoolExecutor.java:635)
	at java.base/java.lang.Thread.run(Thread.java:833)
... Removed 22 stack frames
</div> <!-- stack-trace -->
                </div> <!-- method-content -->
              </div> <!-- method -->
              <div class="method">
                <div class="method-content">
                  <a name="formSubmitPageTest(TOM, Testing123, GSDFSDCSXCC)">
                  </a> <!-- formSubmitPageTest(TOM, Testing123, GSDFSDCSXCC) -->
                  <span class="method-name">formSubmitPageTest</span>
                  <span class="parameters">(TOM,Testing123,GSDFSDCSXCC)</span>
                  <div class="stack-trace">org.openqa.selenium.NoSuchElementException: no such element: Unable to locate element: {&quot;method&quot;:&quot;xpath&quot;,&quot;selector&quot;:&quot;//button[@class=&apos;ui linkedin button&apos;]&quot;}
  (Session info: chrome=135.0.7049.85)
For documentation on this error, please visit: https://www.selenium.dev/documentation/webdriver/troubleshooting/errors#no-such-element-exception
Build info: version: &apos;4.31.0&apos;, revision: &apos;1ef9f18787*&apos;
System info: os.name: &apos;Windows 10&apos;, os.arch: &apos;amd64&apos;, os.version: &apos;10.0&apos;, java.version: &apos;17.0.7&apos;
Driver info: org.openqa.selenium.chrome.ChromeDriver
Command: [e0f8c09a4c5efbb670ab965d43c73e90, findElement {using=xpath, value=//button[@class=&apos;ui linkedin button&apos;]}]
Capabilities {acceptInsecureCerts: false, browserName: chrome, browserVersion: 135.0.7049.85, chrome: {chromedriverVersion: 135.0.7049.84 (6c019e560019..., userDataDir: C:\Users\Dell\AppData\Local...}, fedcm:accounts: true, goog:chromeOptions: {debuggerAddress: localhost:60254}, networkConnectionEnabled: false, pageLoadStrategy: normal, platformName: windows, proxy: Proxy(), se:cdp: ws://localhost:60254/devtoo..., se:cdpVersion: 135.0.7049.85, setWindowRect: true, strictFileInteractability: false, timeouts: {implicit: 0, pageLoad: 300000, script: 30000}, unhandledPromptBehavior: dismiss and notify, webauthn:extension:credBlob: true, webauthn:extension:largeBlob: true, webauthn:extension:minPinLength: true, webauthn:extension:prf: true, webauthn:virtualAuthenticators: true}
Session ID: e0f8c09a4c5efbb670ab965d43c73e90
	at org.openqa.selenium.remote.ErrorCodec.decode(ErrorCodec.java:167)
	at org.openqa.selenium.remote.codec.w3c.W3CHttpResponseCodec.decode(W3CHttpResponseCodec.java:138)
	at org.openqa.selenium.remote.codec.w3c.W3CHttpResponseCodec.decode(W3CHttpResponseCodec.java:50)
	at org.openqa.selenium.remote.HttpCommandExecutor.execute(HttpCommandExecutor.java:215)
	at org.openqa.selenium.remote.service.DriverCommandExecutor.invokeExecute(DriverCommandExecutor.java:216)
	at org.openqa.selenium.remote.service.DriverCommandExecutor.execute(DriverCommandExecutor.java:174)
	at org.openqa.selenium.remote.RemoteWebDriver.execute(RemoteWebDriver.java:545)
	at org.openqa.selenium.remote.ElementLocation$ElementFinder$2.findElement(ElementLocation.java:165)
	at org.openqa.selenium.remote.ElementLocation.findElement(ElementLocation.java:59)
	at org.openqa.selenium.remote.RemoteWebDriver.findElement(RemoteWebDriver.java:368)
	at org.openqa.selenium.remote.RemoteWebDriver.findElement(RemoteWebDriver.java:362)
	at com.qa.crm.utils.ElementUtil.getElement(ElementUtil.java:78)
	at com.qa.crm.utils.ElementUtil.doClick(ElementUtil.java:43)
	at com.qa.crm.pages.FormPage.addForm(FormPage.java:31)
	at com.qa.crm.tests.FormPageTest.formSubmitPageTest(FormPageTest.java:33)
	at java.base/java.util.ArrayList.forEach(ArrayList.java:1511)
	at java.base/java.util.concurrent.FutureTask.run(FutureTask.java:264)
	at java.base/java.util.concurrent.ThreadPoolExecutor.runWorker(ThreadPoolExecutor.java:1136)
	at java.base/java.util.concurrent.ThreadPoolExecutor$Worker.run(ThreadPoolExecutor.java:635)
	at java.base/java.lang.Thread.run(Thread.java:833)
... Removed 22 stack frames
</div> <!-- stack-trace -->
                </div> <!-- method-content -->
              </div> <!-- method -->
              <div class="method">
                <div class="method-content">
                  <a name="formSubmitPageTest(Mukta, Testing567, GDFSDFFFF)">
                  </a> <!-- formSubmitPageTest(Mukta, Testing567, GDFSDFFFF) -->
                  <span class="method-name">formSubmitPageTest</span>
                  <span class="parameters">(Mukta,Testing567,GDFSDFFFF)</span>
                  <div class="stack-trace">org.openqa.selenium.NoSuchElementException: no such element: Unable to locate element: {&quot;method&quot;:&quot;xpath&quot;,&quot;selector&quot;:&quot;//button[@class=&apos;ui linkedin button&apos;]&quot;}
  (Session info: chrome=135.0.7049.85)
For documentation on this error, please visit: https://www.selenium.dev/documentation/webdriver/troubleshooting/errors#no-such-element-exception
Build info: version: &apos;4.31.0&apos;, revision: &apos;1ef9f18787*&apos;
System info: os.name: &apos;Windows 10&apos;, os.arch: &apos;amd64&apos;, os.version: &apos;10.0&apos;, java.version: &apos;17.0.7&apos;
Driver info: org.openqa.selenium.chrome.ChromeDriver
Command: [e0f8c09a4c5efbb670ab965d43c73e90, findElement {using=xpath, value=//button[@class=&apos;ui linkedin button&apos;]}]
Capabilities {acceptInsecureCerts: false, browserName: chrome, browserVersion: 135.0.7049.85, chrome: {chromedriverVersion: 135.0.7049.84 (6c019e560019..., userDataDir: C:\Users\Dell\AppData\Local...}, fedcm:accounts: true, goog:chromeOptions: {debuggerAddress: localhost:60254}, networkConnectionEnabled: false, pageLoadStrategy: normal, platformName: windows, proxy: Proxy(), se:cdp: ws://localhost:60254/devtoo..., se:cdpVersion: 135.0.7049.85, setWindowRect: true, strictFileInteractability: false, timeouts: {implicit: 0, pageLoad: 300000, script: 30000}, unhandledPromptBehavior: dismiss and notify, webauthn:extension:credBlob: true, webauthn:extension:largeBlob: true, webauthn:extension:minPinLength: true, webauthn:extension:prf: true, webauthn:virtualAuthenticators: true}
Session ID: e0f8c09a4c5efbb670ab965d43c73e90
	at org.openqa.selenium.remote.ErrorCodec.decode(ErrorCodec.java:167)
	at org.openqa.selenium.remote.codec.w3c.W3CHttpResponseCodec.decode(W3CHttpResponseCodec.java:138)
	at org.openqa.selenium.remote.codec.w3c.W3CHttpResponseCodec.decode(W3CHttpResponseCodec.java:50)
	at org.openqa.selenium.remote.HttpCommandExecutor.execute(HttpCommandExecutor.java:215)
	at org.openqa.selenium.remote.service.DriverCommandExecutor.invokeExecute(DriverCommandExecutor.java:216)
	at org.openqa.selenium.remote.service.DriverCommandExecutor.execute(DriverCommandExecutor.java:174)
	at org.openqa.selenium.remote.RemoteWebDriver.execute(RemoteWebDriver.java:545)
	at org.openqa.selenium.remote.ElementLocation$ElementFinder$2.findElement(ElementLocation.java:165)
	at org.openqa.selenium.remote.ElementLocation.findElement(ElementLocation.java:59)
	at org.openqa.selenium.remote.RemoteWebDriver.findElement(RemoteWebDriver.java:368)
	at org.openqa.selenium.remote.RemoteWebDriver.findElement(RemoteWebDriver.java:362)
	at com.qa.crm.utils.ElementUtil.getElement(ElementUtil.java:78)
	at com.qa.crm.utils.ElementUtil.doClick(ElementUtil.java:43)
	at com.qa.crm.pages.FormPage.addForm(FormPage.java:31)
	at com.qa.crm.tests.FormPageTest.formSubmitPageTest(FormPageTest.java:33)
	at java.base/java.util.ArrayList.forEach(ArrayList.java:1511)
	at java.base/java.util.concurrent.FutureTask.run(FutureTask.java:264)
	at java.base/java.util.concurrent.ThreadPoolExecutor.runWorker(ThreadPoolExecutor.java:1136)
	at java.base/java.util.concurrent.ThreadPoolExecutor$Worker.run(ThreadPoolExecutor.java:635)
	at java.base/java.lang.Thread.run(Thread.java:833)
... Removed 22 stack frames
</div> <!-- stack-trace -->
                </div> <!-- method-content -->
              </div> <!-- method -->
              <div class="method">
                <div class="method-content">
                  <a name="formSubmitPageTest(David, Testing345, ASDASDASD)">
                  </a> <!-- formSubmitPageTest(David, Testing345, ASDASDASD) -->
                  <span class="method-name">formSubmitPageTest</span>
                  <span class="parameters">(David,Testing345,ASDASDASD)</span>
                  <div class="stack-trace">org.openqa.selenium.NoSuchElementException: no such element: Unable to locate element: {&quot;method&quot;:&quot;xpath&quot;,&quot;selector&quot;:&quot;//button[@class=&apos;ui linkedin button&apos;]&quot;}
  (Session info: chrome=135.0.7049.85)
For documentation on this error, please visit: https://www.selenium.dev/documentation/webdriver/troubleshooting/errors#no-such-element-exception
Build info: version: &apos;4.31.0&apos;, revision: &apos;1ef9f18787*&apos;
System info: os.name: &apos;Windows 10&apos;, os.arch: &apos;amd64&apos;, os.version: &apos;10.0&apos;, java.version: &apos;17.0.7&apos;
Driver info: org.openqa.selenium.chrome.ChromeDriver
Command: [e0f8c09a4c5efbb670ab965d43c73e90, findElement {using=xpath, value=//button[@class=&apos;ui linkedin button&apos;]}]
Capabilities {acceptInsecureCerts: false, browserName: chrome, browserVersion: 135.0.7049.85, chrome: {chromedriverVersion: 135.0.7049.84 (6c019e560019..., userDataDir: C:\Users\Dell\AppData\Local...}, fedcm:accounts: true, goog:chromeOptions: {debuggerAddress: localhost:60254}, networkConnectionEnabled: false, pageLoadStrategy: normal, platformName: windows, proxy: Proxy(), se:cdp: ws://localhost:60254/devtoo..., se:cdpVersion: 135.0.7049.85, setWindowRect: true, strictFileInteractability: false, timeouts: {implicit: 0, pageLoad: 300000, script: 30000}, unhandledPromptBehavior: dismiss and notify, webauthn:extension:credBlob: true, webauthn:extension:largeBlob: true, webauthn:extension:minPinLength: true, webauthn:extension:prf: true, webauthn:virtualAuthenticators: true}
Session ID: e0f8c09a4c5efbb670ab965d43c73e90
	at org.openqa.selenium.remote.ErrorCodec.decode(ErrorCodec.java:167)
	at org.openqa.selenium.remote.codec.w3c.W3CHttpResponseCodec.decode(W3CHttpResponseCodec.java:138)
	at org.openqa.selenium.remote.codec.w3c.W3CHttpResponseCodec.decode(W3CHttpResponseCodec.java:50)
	at org.openqa.selenium.remote.HttpCommandExecutor.execute(HttpCommandExecutor.java:215)
	at org.openqa.selenium.remote.service.DriverCommandExecutor.invokeExecute(DriverCommandExecutor.java:216)
	at org.openqa.selenium.remote.service.DriverCommandExecutor.execute(DriverCommandExecutor.java:174)
	at org.openqa.selenium.remote.RemoteWebDriver.execute(RemoteWebDriver.java:545)
	at org.openqa.selenium.remote.ElementLocation$ElementFinder$2.findElement(ElementLocation.java:165)
	at org.openqa.selenium.remote.ElementLocation.findElement(ElementLocation.java:59)
	at org.openqa.selenium.remote.RemoteWebDriver.findElement(RemoteWebDriver.java:368)
	at org.openqa.selenium.remote.RemoteWebDriver.findElement(RemoteWebDriver.java:362)
	at com.qa.crm.utils.ElementUtil.getElement(ElementUtil.java:78)
	at com.qa.crm.utils.ElementUtil.doClick(ElementUtil.java:43)
	at com.qa.crm.pages.FormPage.addForm(FormPage.java:31)
	at com.qa.crm.tests.FormPageTest.formSubmitPageTest(FormPageTest.java:33)
	at java.base/java.util.ArrayList.forEach(ArrayList.java:1511)
	at java.base/java.util.concurrent.FutureTask.run(FutureTask.java:264)
	at java.base/java.util.concurrent.ThreadPoolExecutor.runWorker(ThreadPoolExecutor.java:1136)
	at java.base/java.util.concurrent.ThreadPoolExecutor$Worker.run(ThreadPoolExecutor.java:635)
	at java.base/java.lang.Thread.run(Thread.java:833)
... Removed 22 stack frames
</div> <!-- stack-trace -->
                </div> <!-- method-content -->
              </div> <!-- method -->
              <div class="method">
                <div class="method-content">
                  <a name="formSubmitPageTest(Mukta, Testing567, GDFSDFFFF)">
                  </a> <!-- formSubmitPageTest(Mukta, Testing567, GDFSDFFFF) -->
                  <span class="method-name">formSubmitPageTest</span>
                  <span class="parameters">(Mukta,Testing567,GDFSDFFFF)</span>
                  <div class="stack-trace">org.openqa.selenium.NoSuchElementException: no such element: Unable to locate element: {&quot;method&quot;:&quot;xpath&quot;,&quot;selector&quot;:&quot;//button[@class=&apos;ui linkedin button&apos;]&quot;}
  (Session info: chrome=135.0.7049.85)
For documentation on this error, please visit: https://www.selenium.dev/documentation/webdriver/troubleshooting/errors#no-such-element-exception
Build info: version: &apos;4.31.0&apos;, revision: &apos;1ef9f18787*&apos;
System info: os.name: &apos;Windows 10&apos;, os.arch: &apos;amd64&apos;, os.version: &apos;10.0&apos;, java.version: &apos;17.0.7&apos;
Driver info: org.openqa.selenium.chrome.ChromeDriver
Command: [e0f8c09a4c5efbb670ab965d43c73e90, findElement {using=xpath, value=//button[@class=&apos;ui linkedin button&apos;]}]
Capabilities {acceptInsecureCerts: false, browserName: chrome, browserVersion: 135.0.7049.85, chrome: {chromedriverVersion: 135.0.7049.84 (6c019e560019..., userDataDir: C:\Users\Dell\AppData\Local...}, fedcm:accounts: true, goog:chromeOptions: {debuggerAddress: localhost:60254}, networkConnectionEnabled: false, pageLoadStrategy: normal, platformName: windows, proxy: Proxy(), se:cdp: ws://localhost:60254/devtoo..., se:cdpVersion: 135.0.7049.85, setWindowRect: true, strictFileInteractability: false, timeouts: {implicit: 0, pageLoad: 300000, script: 30000}, unhandledPromptBehavior: dismiss and notify, webauthn:extension:credBlob: true, webauthn:extension:largeBlob: true, webauthn:extension:minPinLength: true, webauthn:extension:prf: true, webauthn:virtualAuthenticators: true}
Session ID: e0f8c09a4c5efbb670ab965d43c73e90
	at org.openqa.selenium.remote.ErrorCodec.decode(ErrorCodec.java:167)
	at org.openqa.selenium.remote.codec.w3c.W3CHttpResponseCodec.decode(W3CHttpResponseCodec.java:138)
	at org.openqa.selenium.remote.codec.w3c.W3CHttpResponseCodec.decode(W3CHttpResponseCodec.java:50)
	at org.openqa.selenium.remote.HttpCommandExecutor.execute(HttpCommandExecutor.java:215)
	at org.openqa.selenium.remote.service.DriverCommandExecutor.invokeExecute(DriverCommandExecutor.java:216)
	at org.openqa.selenium.remote.service.DriverCommandExecutor.execute(DriverCommandExecutor.java:174)
	at org.openqa.selenium.remote.RemoteWebDriver.execute(RemoteWebDriver.java:545)
	at org.openqa.selenium.remote.ElementLocation$ElementFinder$2.findElement(ElementLocation.java:165)
	at org.openqa.selenium.remote.ElementLocation.findElement(ElementLocation.java:59)
	at org.openqa.selenium.remote.RemoteWebDriver.findElement(RemoteWebDriver.java:368)
	at org.openqa.selenium.remote.RemoteWebDriver.findElement(RemoteWebDriver.java:362)
	at com.qa.crm.utils.ElementUtil.getElement(ElementUtil.java:78)
	at com.qa.crm.utils.ElementUtil.doClick(ElementUtil.java:43)
	at com.qa.crm.pages.FormPage.addForm(FormPage.java:31)
	at com.qa.crm.tests.FormPageTest.formSubmitPageTest(FormPageTest.java:33)
	at java.base/java.util.ArrayList.forEach(ArrayList.java:1511)
	at java.base/java.util.concurrent.FutureTask.run(FutureTask.java:264)
	at java.base/java.util.concurrent.ThreadPoolExecutor.runWorker(ThreadPoolExecutor.java:1136)
	at java.base/java.util.concurrent.ThreadPoolExecutor$Worker.run(ThreadPoolExecutor.java:635)
	at java.base/java.lang.Thread.run(Thread.java:833)
... Removed 22 stack frames
</div> <!-- stack-trace -->
                </div> <!-- method-content -->
              </div> <!-- method -->
              <div class="method">
                <div class="method-content">
                  <a name="formSubmitPageTest(TOM, Testing123, GSDFSDCSXCC)">
                  </a> <!-- formSubmitPageTest(TOM, Testing123, GSDFSDCSXCC) -->
                  <span class="method-name">formSubmitPageTest</span>
                  <span class="parameters">(TOM,Testing123,GSDFSDCSXCC)</span>
                  <div class="stack-trace">org.openqa.selenium.NoSuchElementException: no such element: Unable to locate element: {&quot;method&quot;:&quot;xpath&quot;,&quot;selector&quot;:&quot;//button[@class=&apos;ui linkedin button&apos;]&quot;}
  (Session info: chrome=135.0.7049.85)
For documentation on this error, please visit: https://www.selenium.dev/documentation/webdriver/troubleshooting/errors#no-such-element-exception
Build info: version: &apos;4.31.0&apos;, revision: &apos;1ef9f18787*&apos;
System info: os.name: &apos;Windows 10&apos;, os.arch: &apos;amd64&apos;, os.version: &apos;10.0&apos;, java.version: &apos;17.0.7&apos;
Driver info: org.openqa.selenium.chrome.ChromeDriver
Command: [e0f8c09a4c5efbb670ab965d43c73e90, findElement {using=xpath, value=//button[@class=&apos;ui linkedin button&apos;]}]
Capabilities {acceptInsecureCerts: false, browserName: chrome, browserVersion: 135.0.7049.85, chrome: {chromedriverVersion: 135.0.7049.84 (6c019e560019..., userDataDir: C:\Users\Dell\AppData\Local...}, fedcm:accounts: true, goog:chromeOptions: {debuggerAddress: localhost:60254}, networkConnectionEnabled: false, pageLoadStrategy: normal, platformName: windows, proxy: Proxy(), se:cdp: ws://localhost:60254/devtoo..., se:cdpVersion: 135.0.7049.85, setWindowRect: true, strictFileInteractability: false, timeouts: {implicit: 0, pageLoad: 300000, script: 30000}, unhandledPromptBehavior: dismiss and notify, webauthn:extension:credBlob: true, webauthn:extension:largeBlob: true, webauthn:extension:minPinLength: true, webauthn:extension:prf: true, webauthn:virtualAuthenticators: true}
Session ID: e0f8c09a4c5efbb670ab965d43c73e90
	at org.openqa.selenium.remote.ErrorCodec.decode(ErrorCodec.java:167)
	at org.openqa.selenium.remote.codec.w3c.W3CHttpResponseCodec.decode(W3CHttpResponseCodec.java:138)
	at org.openqa.selenium.remote.codec.w3c.W3CHttpResponseCodec.decode(W3CHttpResponseCodec.java:50)
	at org.openqa.selenium.remote.HttpCommandExecutor.execute(HttpCommandExecutor.java:215)
	at org.openqa.selenium.remote.service.DriverCommandExecutor.invokeExecute(DriverCommandExecutor.java:216)
	at org.openqa.selenium.remote.service.DriverCommandExecutor.execute(DriverCommandExecutor.java:174)
	at org.openqa.selenium.remote.RemoteWebDriver.execute(RemoteWebDriver.java:545)
	at org.openqa.selenium.remote.ElementLocation$ElementFinder$2.findElement(ElementLocation.java:165)
	at org.openqa.selenium.remote.ElementLocation.findElement(ElementLocation.java:59)
	at org.openqa.selenium.remote.RemoteWebDriver.findElement(RemoteWebDriver.java:368)
	at org.openqa.selenium.remote.RemoteWebDriver.findElement(RemoteWebDriver.java:362)
	at com.qa.crm.utils.ElementUtil.getElement(ElementUtil.java:78)
	at com.qa.crm.utils.ElementUtil.doClick(ElementUtil.java:43)
	at com.qa.crm.pages.FormPage.addForm(FormPage.java:31)
	at com.qa.crm.tests.FormPageTest.formSubmitPageTest(FormPageTest.java:33)
	at java.base/java.util.ArrayList.forEach(ArrayList.java:1511)
	at java.base/java.util.concurrent.FutureTask.run(FutureTask.java:264)
	at java.base/java.util.concurrent.ThreadPoolExecutor.runWorker(ThreadPoolExecutor.java:1136)
	at java.base/java.util.concurrent.ThreadPoolExecutor$Worker.run(ThreadPoolExecutor.java:635)
	at java.base/java.lang.Thread.run(Thread.java:833)
... Removed 22 stack frames
</div> <!-- stack-trace -->
                </div> <!-- method-content -->
              </div> <!-- method -->
              <div class="method">
                <div class="method-content">
                  <a name="formSubmitPageTest(TOM, Testing123, GSDFSDCSXCC)">
                  </a> <!-- formSubmitPageTest(TOM, Testing123, GSDFSDCSXCC) -->
                  <span class="method-name">formSubmitPageTest</span>
                  <span class="parameters">(TOM,Testing123,GSDFSDCSXCC)</span>
                  <div class="stack-trace">org.openqa.selenium.StaleElementReferenceException: stale element reference: stale element not found in the current frame
  (Session info: chrome=135.0.7049.85)
For documentation on this error, please visit: https://www.selenium.dev/documentation/webdriver/troubleshooting/errors#stale-element-reference-exception
Build info: version: &apos;4.31.0&apos;, revision: &apos;1ef9f18787*&apos;
System info: os.name: &apos;Windows 10&apos;, os.arch: &apos;amd64&apos;, os.version: &apos;10.0&apos;, java.version: &apos;17.0.7&apos;
Driver info: org.openqa.selenium.chrome.ChromeDriver
Command: [e0f8c09a4c5efbb670ab965d43c73e90, executeScript {args=[{element-6066-11e4-a52e-4f735466cecf=f.2047AB9612FAB5440BD785AFB6410575.d.D24CD66F07FEAD00760D57D4832A9926.e.647}], script=arguments[0].style.backgroundColor = &apos;rgba(0, 0, 0, 0)&apos;}]
Capabilities {acceptInsecureCerts: false, browserName: chrome, browserVersion: 135.0.7049.85, chrome: {chromedriverVersion: 135.0.7049.84 (6c019e560019..., userDataDir: C:\Users\Dell\AppData\Local...}, fedcm:accounts: true, goog:chromeOptions: {debuggerAddress: localhost:60254}, networkConnectionEnabled: false, pageLoadStrategy: normal, platformName: windows, proxy: Proxy(), se:cdp: ws://localhost:60254/devtoo..., se:cdpVersion: 135.0.7049.85, setWindowRect: true, strictFileInteractability: false, timeouts: {implicit: 0, pageLoad: 300000, script: 30000}, unhandledPromptBehavior: dismiss and notify, webauthn:extension:credBlob: true, webauthn:extension:largeBlob: true, webauthn:extension:minPinLength: true, webauthn:extension:prf: true, webauthn:virtualAuthenticators: true}
Session ID: e0f8c09a4c5efbb670ab965d43c73e90
	at org.openqa.selenium.remote.ErrorCodec.decode(ErrorCodec.java:167)
	at org.openqa.selenium.remote.codec.w3c.W3CHttpResponseCodec.decode(W3CHttpResponseCodec.java:138)
	at org.openqa.selenium.remote.codec.w3c.W3CHttpResponseCodec.decode(W3CHttpResponseCodec.java:50)
	at org.openqa.selenium.remote.HttpCommandExecutor.execute(HttpCommandExecutor.java:215)
	at org.openqa.selenium.remote.service.DriverCommandExecutor.invokeExecute(DriverCommandExecutor.java:216)
	at org.openqa.selenium.remote.service.DriverCommandExecutor.execute(DriverCommandExecutor.java:174)
	at org.openqa.selenium.remote.RemoteWebDriver.execute(RemoteWebDriver.java:545)
	at org.openqa.selenium.remote.RemoteWebDriver.executeScript(RemoteWebDriver.java:476)
	at com.qa.crm.utils.JavaScriptUtil.changeColor(JavaScriptUtil.java:96)
	at com.qa.crm.utils.JavaScriptUtil.flash(JavaScriptUtil.java:91)
	at com.qa.crm.utils.ElementUtil.checkElementHighlight(ElementUtil.java:73)
	at com.qa.crm.utils.ElementUtil.getElement(ElementUtil.java:79)
	at com.qa.crm.utils.ElementUtil.doGetElementText(ElementUtil.java:93)
	at com.qa.crm.pages.FormPage.submitForm(FormPage.java:41)
	at com.qa.crm.tests.FormPageTest.formSubmitPageTest(FormPageTest.java:34)
	at java.base/java.util.ArrayList.forEach(ArrayList.java:1511)
	at java.base/java.util.concurrent.FutureTask.run(FutureTask.java:264)
	at java.base/java.util.concurrent.ThreadPoolExecutor.runWorker(ThreadPoolExecutor.java:1136)
	at java.base/java.util.concurrent.ThreadPoolExecutor$Worker.run(ThreadPoolExecutor.java:635)
	at java.base/java.lang.Thread.run(Thread.java:833)
... Removed 22 stack frames
</div> <!-- stack-trace -->
                </div> <!-- method-content -->
              </div> <!-- method -->
              <div class="method">
                <div class="method-content">
                  <a name="formSubmitPageTest(David, Testing345, ASDASDASD)">
                  </a> <!-- formSubmitPageTest(David, Testing345, ASDASDASD) -->
                  <span class="method-name">formSubmitPageTest</span>
                  <span class="parameters">(David,Testing345,ASDASDASD)</span>
                  <div class="stack-trace">org.openqa.selenium.NoSuchElementException: no such element: Unable to locate element: {&quot;method&quot;:&quot;xpath&quot;,&quot;selector&quot;:&quot;//button[@class=&apos;ui linkedin button&apos;]&quot;}
  (Session info: chrome=135.0.7049.85)
For documentation on this error, please visit: https://www.selenium.dev/documentation/webdriver/troubleshooting/errors#no-such-element-exception
Build info: version: &apos;4.31.0&apos;, revision: &apos;1ef9f18787*&apos;
System info: os.name: &apos;Windows 10&apos;, os.arch: &apos;amd64&apos;, os.version: &apos;10.0&apos;, java.version: &apos;17.0.7&apos;
Driver info: org.openqa.selenium.chrome.ChromeDriver
Command: [e0f8c09a4c5efbb670ab965d43c73e90, findElement {using=xpath, value=//button[@class=&apos;ui linkedin button&apos;]}]
Capabilities {acceptInsecureCerts: false, browserName: chrome, browserVersion: 135.0.7049.85, chrome: {chromedriverVersion: 135.0.7049.84 (6c019e560019..., userDataDir: C:\Users\Dell\AppData\Local...}, fedcm:accounts: true, goog:chromeOptions: {debuggerAddress: localhost:60254}, networkConnectionEnabled: false, pageLoadStrategy: normal, platformName: windows, proxy: Proxy(), se:cdp: ws://localhost:60254/devtoo..., se:cdpVersion: 135.0.7049.85, setWindowRect: true, strictFileInteractability: false, timeouts: {implicit: 0, pageLoad: 300000, script: 30000}, unhandledPromptBehavior: dismiss and notify, webauthn:extension:credBlob: true, webauthn:extension:largeBlob: true, webauthn:extension:minPinLength: true, webauthn:extension:prf: true, webauthn:virtualAuthenticators: true}
Session ID: e0f8c09a4c5efbb670ab965d43c73e90
	at org.openqa.selenium.remote.ErrorCodec.decode(ErrorCodec.java:167)
	at org.openqa.selenium.remote.codec.w3c.W3CHttpResponseCodec.decode(W3CHttpResponseCodec.java:138)
	at org.openqa.selenium.remote.codec.w3c.W3CHttpResponseCodec.decode(W3CHttpResponseCodec.java:50)
	at org.openqa.selenium.remote.HttpCommandExecutor.execute(HttpCommandExecutor.java:215)
	at org.openqa.selenium.remote.service.DriverCommandExecutor.invokeExecute(DriverCommandExecutor.java:216)
	at org.openqa.selenium.remote.service.DriverCommandExecutor.execute(DriverCommandExecutor.java:174)
	at org.openqa.selenium.remote.RemoteWebDriver.execute(RemoteWebDriver.java:545)
	at org.openqa.selenium.remote.ElementLocation$ElementFinder$2.findElement(ElementLocation.java:165)
	at org.openqa.selenium.remote.ElementLocation.findElement(ElementLocation.java:59)
	at org.openqa.selenium.remote.RemoteWebDriver.findElement(RemoteWebDriver.java:368)
	at org.openqa.selenium.remote.RemoteWebDriver.findElement(RemoteWebDriver.java:362)
	at com.qa.crm.utils.ElementUtil.getElement(ElementUtil.java:78)
	at com.qa.crm.utils.ElementUtil.doClick(ElementUtil.java:43)
	at com.qa.crm.pages.FormPage.addForm(FormPage.java:31)
	at com.qa.crm.tests.FormPageTest.formSubmitPageTest(FormPageTest.java:33)
	at java.base/java.util.ArrayList.forEach(ArrayList.java:1511)
	at java.base/java.util.concurrent.FutureTask.run(FutureTask.java:264)
	at java.base/java.util.concurrent.ThreadPoolExecutor.runWorker(ThreadPoolExecutor.java:1136)
	at java.base/java.util.concurrent.ThreadPoolExecutor$Worker.run(ThreadPoolExecutor.java:635)
	at java.base/java.lang.Thread.run(Thread.java:833)
... Removed 22 stack frames
</div> <!-- stack-trace -->
                </div> <!-- method-content -->
              </div> <!-- method -->
            </div> <!-- main-panel-content rounded-window-bottom -->
          </div> <!-- suite-CRM_App_Test_Regression_Suite-class-skipped -->
          <div class="suite-CRM_App_Test_Regression_Suite-class-passed">
            <div class="main-panel-header rounded-window-top">
              <img src="passed.png"/>
              <span class="class-name">com.qa.crm.tests.HomePageTest</span>
            </div> <!-- main-panel-header rounded-window-top -->
            <div class="main-panel-content rounded-window-bottom">
              <div class="method">
                <div class="method-content">
                  <a name="homePageHeadersCountTest">
                  </a> <!-- homePageHeadersCountTest -->
                  <span class="method-name">homePageHeadersCountTest</span>
                </div> <!-- method-content -->
              </div> <!-- method -->
              <div class="method">
                <div class="method-content">
                  <a name="homePageHeadersTest">
                  </a> <!-- homePageHeadersTest -->
                  <span class="method-name">homePageHeadersTest</span>
                </div> <!-- method-content -->
              </div> <!-- method -->
              <div class="method">
                <div class="method-content">
                  <a name="homePageTitleTest">
                  </a> <!-- homePageTitleTest -->
                  <span class="method-name">homePageTitleTest</span>
                </div> <!-- method-content -->
              </div> <!-- method -->
              <div class="method">
                <div class="method-content">
                  <a name="isCalendarPageIconTest">
                  </a> <!-- isCalendarPageIconTest -->
                  <span class="method-name">isCalendarPageIconTest</span>
                </div> <!-- method-content -->
              </div> <!-- method -->
              <div class="method">
                <div class="method-content">
                  <a name="isContactsPageIconTest">
                  </a> <!-- isContactsPageIconTest -->
                  <span class="method-name">isContactsPageIconTest</span>
                </div> <!-- method-content -->
              </div> <!-- method -->
              <div class="method">
                <div class="method-content">
                  <a name="isHomePageIconTest">
                  </a> <!-- isHomePageIconTest -->
                  <span class="method-name">isHomePageIconTest</span>
                </div> <!-- method-content -->
              </div> <!-- method -->
            </div> <!-- main-panel-content rounded-window-bottom -->
          </div> <!-- suite-CRM_App_Test_Regression_Suite-class-passed -->
          <div class="suite-CRM_App_Test_Regression_Suite-class-passed">
            <div class="main-panel-header rounded-window-top">
              <img src="passed.png"/>
              <span class="class-name">com.qa.crm.tests.LoginPageTest</span>
            </div> <!-- main-panel-header rounded-window-top -->
            <div class="main-panel-content rounded-window-bottom">
              <div class="method">
                <div class="method-content">
                  <a name="bellIconExist">
                  </a> <!-- bellIconExist -->
                  <span class="method-name">bellIconExist</span>
                </div> <!-- method-content -->
              </div> <!-- method -->
              <div class="method">
                <div class="method-content">
                  <a name="loginPageTitleTest">
                  </a> <!-- loginPageTitleTest -->
                  <span class="method-name">loginPageTitleTest</span>
                </div> <!-- method-content -->
              </div> <!-- method -->
              <div class="method">
                <div class="method-content">
                  <a name="loginPageURLTest">
                  </a> <!-- loginPageURLTest -->
                  <span class="method-name">loginPageURLTest</span>
                </div> <!-- method-content -->
              </div> <!-- method -->
              <div class="method">
                <div class="method-content">
                  <a name="loginTest">
                  </a> <!-- loginTest -->
                  <span class="method-name">loginTest</span>
                </div> <!-- method-content -->
              </div> <!-- method -->
            </div> <!-- main-panel-content rounded-window-bottom -->
          </div> <!-- suite-CRM_App_Test_Regression_Suite-class-passed -->
          <div class="suite-CRM_App_Test_Regression_Suite-class-passed">
            <div class="main-panel-header rounded-window-top">
              <img src="passed.png"/>
              <span class="class-name">com.qa.crm.tests.ContactsPageTest</span>
            </div> <!-- main-panel-header rounded-window-top -->
            <div class="main-panel-content rounded-window-bottom">
              <div class="method">
                <div class="method-content">
                  <a name="createNewContactTest(Andy, Flower, Google)">
                  </a> <!-- createNewContactTest(Andy, Flower, Google) -->
                  <span class="method-name">createNewContactTest</span>
                  <span class="parameters">(Andy,Flower,Google)</span>
                </div> <!-- method-content -->
              </div> <!-- method -->
              <div class="method">
                <div class="method-content">
                  <a name="createNewContactTest(Bret, Lee, Flipkart)">
                  </a> <!-- createNewContactTest(Bret, Lee, Flipkart) -->
                  <span class="method-name">createNewContactTest</span>
                  <span class="parameters">(Bret,Lee,Flipkart)</span>
                </div> <!-- method-content -->
              </div> <!-- method -->
              <div class="method">
                <div class="method-content">
                  <a name="createNewContactTest(Joe, Simon, Amazon)">
                  </a> <!-- createNewContactTest(Joe, Simon, Amazon) -->
                  <span class="method-name">createNewContactTest</span>
                  <span class="parameters">(Joe,Simon,Amazon)</span>
                </div> <!-- method-content -->
              </div> <!-- method -->
              <div class="method">
                <div class="method-content">
                  <a name="searchTest(Andy, Andy Flower)">
                  </a> <!-- searchTest(Andy, Andy Flower) -->
                  <span class="method-name">searchTest</span>
                  <span class="parameters">(Andy,Andy Flower)</span>
                </div> <!-- method-content -->
              </div> <!-- method -->
              <div class="method">
                <div class="method-content">
                  <a name="searchTest(Bret, Bret Lee)">
                  </a> <!-- searchTest(Bret, Bret Lee) -->
                  <span class="method-name">searchTest</span>
                  <span class="parameters">(Bret,Bret Lee)</span>
                </div> <!-- method-content -->
              </div> <!-- method -->
              <div class="method">
                <div class="method-content">
                  <a name="searchTest(Joe, Joe Simon)">
                  </a> <!-- searchTest(Joe, Joe Simon) -->
                  <span class="method-name">searchTest</span>
                  <span class="parameters">(Joe,Joe Simon)</span>
                </div> <!-- method-content -->
              </div> <!-- method -->
              <div class="method">
                <div class="method-content">
                  <a name="verifyContactsPageLabelTest">
                  </a> <!-- verifyContactsPageLabelTest -->
                  <span class="method-name">verifyContactsPageLabelTest</span>
                </div> <!-- method-content -->
              </div> <!-- method -->
            </div> <!-- main-panel-content rounded-window-bottom -->
          </div> <!-- suite-CRM_App_Test_Regression_Suite-class-passed -->
        </div> <!-- panel CRM_App_Test_Regression_Suite -->
        <div panel-name="test-xml-CRM_App_Test_Regression_Suite" class="panel">
          <div class="main-panel-header rounded-window-top">
            <span class="header-content">C:\Users\Dell\Downloads\Automation\AutomationFramework\workspace\SeleniumPOMTestNGFramework\src\test\resources\testrunners\testng_regression.xml</span>
          </div> <!-- main-panel-header rounded-window-top -->
          <div class="main-panel-content rounded-window-bottom">
            <pre>
&lt;?xml version=&quot;1.0&quot; encoding=&quot;UTF-8&quot;?&gt;
&lt;!DOCTYPE suite SYSTEM &quot;https://testng.org/testng-1.0.dtd&quot;&gt;
&lt;suite thread-count=&quot;4&quot; parallel=&quot;tests&quot; name=&quot;CRM App Test Regression Suite&quot; guice-stage=&quot;DEVELOPMENT&quot; verbose=&quot;0&quot;&gt;
  &lt;listeners&gt;
    &lt;listener class-name=&quot;com.qa.crm.listeners.ExtentReportListener&quot;/&gt;
    &lt;listener class-name=&quot;com.qa.crm.listeners.TestAllureListener&quot;/&gt;
    &lt;listener class-name=&quot;com.qa.crm.listeners.AnnotationTransformer&quot;/&gt;
  &lt;/listeners&gt;
  &lt;test thread-count=&quot;4&quot; parallel=&quot;tests&quot; name=&quot;Login Page Test&quot; verbose=&quot;0&quot;&gt;
    &lt;parameter name=&quot;browser&quot; value=&quot;chrome&quot;/&gt;
    &lt;classes&gt;
      &lt;class name=&quot;com.qa.crm.tests.LoginPageTest&quot;/&gt;
    &lt;/classes&gt;
  &lt;/test&gt; &lt;!-- Login Page Test --&gt;
  &lt;test thread-count=&quot;4&quot; parallel=&quot;tests&quot; name=&quot;Home Page Test&quot; verbose=&quot;0&quot;&gt;
    &lt;parameter name=&quot;browser&quot; value=&quot;firefox&quot;/&gt;
    &lt;classes&gt;
      &lt;class name=&quot;com.qa.crm.tests.HomePageTest&quot;/&gt;
    &lt;/classes&gt;
  &lt;/test&gt; &lt;!-- Home Page Test --&gt;
  &lt;test thread-count=&quot;4&quot; parallel=&quot;tests&quot; name=&quot;Contacts Page Test&quot; verbose=&quot;0&quot;&gt;
    &lt;parameter name=&quot;browser&quot; value=&quot;chrome&quot;/&gt;
    &lt;classes&gt;
      &lt;class name=&quot;com.qa.crm.tests.ContactsPageTest&quot;/&gt;
    &lt;/classes&gt;
  &lt;/test&gt; &lt;!-- Contacts Page Test --&gt;
  &lt;test thread-count=&quot;4&quot; parallel=&quot;tests&quot; name=&quot;Forms Page Test&quot; verbose=&quot;0&quot;&gt;
    &lt;parameter name=&quot;browser&quot; value=&quot;chrome&quot;/&gt;
    &lt;classes&gt;
      &lt;class name=&quot;com.qa.crm.tests.FormPageTest&quot;/&gt;
    &lt;/classes&gt;
  &lt;/test&gt; &lt;!-- Forms Page Test --&gt;
&lt;/suite&gt; &lt;!-- CRM App Test Regression Suite --&gt;
            </pre>
          </div> <!-- main-panel-content rounded-window-bottom -->
        </div> <!-- panel -->
        <div panel-name="testlist-CRM_App_Test_Regression_Suite" class="panel">
          <div class="main-panel-header rounded-window-top">
            <span class="header-content">Tests for CRM App Test Regression Suite</span>
          </div> <!-- main-panel-header rounded-window-top -->
          <div class="main-panel-content rounded-window-bottom">
            <ul>
              <li>
                <span class="test-name">Login Page Test (1 class)</span>
              </li>
              <li>
                <span class="test-name">Home Page Test (1 class)</span>
              </li>
              <li>
                <span class="test-name">Contacts Page Test (1 class)</span>
              </li>
              <li>
                <span class="test-name">Forms Page Test (1 class)</span>
              </li>
            </ul>
          </div> <!-- main-panel-content rounded-window-bottom -->
        </div> <!-- panel -->
        <div panel-name="group-CRM_App_Test_Regression_Suite" class="panel">
          <div class="main-panel-header rounded-window-top">
            <span class="header-content">Groups for CRM App Test Regression Suite</span>
          </div> <!-- main-panel-header rounded-window-top -->
          <div class="main-panel-content rounded-window-bottom">
          </div> <!-- main-panel-content rounded-window-bottom -->
        </div> <!-- panel -->
        <div panel-name="times-CRM_App_Test_Regression_Suite" class="panel">
          <div class="main-panel-header rounded-window-top">
            <span class="header-content">Times for CRM App Test Regression Suite</span>
          </div> <!-- main-panel-header rounded-window-top -->
          <div class="main-panel-content rounded-window-bottom">
            <div class="times-div">
              <script type="text/javascript">
suiteTableInitFunctions.push('tableData_CRM_App_Test_Regression_Suite');
function tableData_CRM_App_Test_Regression_Suite() {
var data = new google.visualization.DataTable();
data.addColumn('number', 'Number');
data.addColumn('string', 'Method');
data.addColumn('string', 'Class');
data.addColumn('number', 'Time (ms)');
data.addRows(29);
data.setCell(0, 0, 0)
data.setCell(0, 1, 'createNewContactTest')
data.setCell(0, 2, 'com.qa.crm.tests.ContactsPageTest')
data.setCell(0, 3, 14834);
data.setCell(1, 0, 1)
data.setCell(1, 1, 'createNewContactTest')
data.setCell(1, 2, 'com.qa.crm.tests.ContactsPageTest')
data.setCell(1, 3, 14305);
data.setCell(2, 0, 2)
data.setCell(2, 1, 'createNewContactTest')
data.setCell(2, 2, 'com.qa.crm.tests.ContactsPageTest')
data.setCell(2, 3, 13751);
data.setCell(3, 0, 3)
data.setCell(3, 1, 'searchTest')
data.setCell(3, 2, 'com.qa.crm.tests.ContactsPageTest')
data.setCell(3, 3, 11784);
data.setCell(4, 0, 4)
data.setCell(4, 1, 'formSubmitPageTest')
data.setCell(4, 2, 'com.qa.crm.tests.FormPageTest')
data.setCell(4, 3, 10465);
data.setCell(5, 0, 5)
data.setCell(5, 1, 'searchTest')
data.setCell(5, 2, 'com.qa.crm.tests.ContactsPageTest')
data.setCell(5, 3, 9866);
data.setCell(6, 0, 6)
data.setCell(6, 1, 'searchTest')
data.setCell(6, 2, 'com.qa.crm.tests.ContactsPageTest')
data.setCell(6, 3, 9851);
data.setCell(7, 0, 7)
data.setCell(7, 1, 'loginTest')
data.setCell(7, 2, 'com.qa.crm.tests.LoginPageTest')
data.setCell(7, 3, 5480);
data.setCell(8, 0, 8)
data.setCell(8, 1, 'bellIconExist')
data.setCell(8, 2, 'com.qa.crm.tests.LoginPageTest')
data.setCell(8, 3, 3129);
data.setCell(9, 0, 9)
data.setCell(9, 1, 'isHomePageIconTest')
data.setCell(9, 2, 'com.qa.crm.tests.HomePageTest')
data.setCell(9, 3, 3003);
data.setCell(10, 0, 10)
data.setCell(10, 1, 'isCalendarPageIconTest')
data.setCell(10, 2, 'com.qa.crm.tests.HomePageTest')
data.setCell(10, 3, 2400);
data.setCell(11, 0, 11)
data.setCell(11, 1, 'verifyContactsPageLabelTest')
data.setCell(11, 2, 'com.qa.crm.tests.ContactsPageTest')
data.setCell(11, 3, 1353);
data.setCell(12, 0, 12)
data.setCell(12, 1, 'isContactsPageIconTest')
data.setCell(12, 2, 'com.qa.crm.tests.HomePageTest')
data.setCell(12, 3, 925);
data.setCell(13, 0, 13)
data.setCell(13, 1, 'loginPageTitleTest')
data.setCell(13, 2, 'com.qa.crm.tests.LoginPageTest')
data.setCell(13, 3, 189);
data.setCell(14, 0, 14)
data.setCell(14, 1, 'homePageHeadersTest')
data.setCell(14, 2, 'com.qa.crm.tests.HomePageTest')
data.setCell(14, 3, 58);
data.setCell(15, 0, 15)
data.setCell(15, 1, 'homePageHeadersCountTest')
data.setCell(15, 2, 'com.qa.crm.tests.HomePageTest')
data.setCell(15, 3, 53);
data.setCell(16, 0, 16)
data.setCell(16, 1, 'loginPageURLTest')
data.setCell(16, 2, 'com.qa.crm.tests.LoginPageTest')
data.setCell(16, 3, 47);
data.setCell(17, 0, 17)
data.setCell(17, 1, 'formSubmitPageTest')
data.setCell(17, 2, 'com.qa.crm.tests.FormPageTest')
data.setCell(17, 3, 25);
data.setCell(18, 0, 18)
data.setCell(18, 1, 'formSubmitPageTest')
data.setCell(18, 2, 'com.qa.crm.tests.FormPageTest')
data.setCell(18, 3, 24);
data.setCell(19, 0, 19)
data.setCell(19, 1, 'formSubmitPageTest')
data.setCell(19, 2, 'com.qa.crm.tests.FormPageTest')
data.setCell(19, 3, 23);
data.setCell(20, 0, 20)
data.setCell(20, 1, 'formSubmitPageTest')
data.setCell(20, 2, 'com.qa.crm.tests.FormPageTest')
data.setCell(20, 3, 20);
data.setCell(21, 0, 21)
data.setCell(21, 1, 'formSubmitPageTest')
data.setCell(21, 2, 'com.qa.crm.tests.FormPageTest')
data.setCell(21, 3, 19);
data.setCell(22, 0, 22)
data.setCell(22, 1, 'formSubmitPageTest')
data.setCell(22, 2, 'com.qa.crm.tests.FormPageTest')
data.setCell(22, 3, 19);
data.setCell(23, 0, 23)
data.setCell(23, 1, 'formSubmitPageTest')
data.setCell(23, 2, 'com.qa.crm.tests.FormPageTest')
data.setCell(23, 3, 18);
data.setCell(24, 0, 24)
data.setCell(24, 1, 'formSubmitPageTest')
data.setCell(24, 2, 'com.qa.crm.tests.FormPageTest')
data.setCell(24, 3, 18);
data.setCell(25, 0, 25)
data.setCell(25, 1, 'formSubmitPageTest')
data.setCell(25, 2, 'com.qa.crm.tests.FormPageTest')
data.setCell(25, 3, 17);
data.setCell(26, 0, 26)
data.setCell(26, 1, 'formSubmitPageTest')
data.setCell(26, 2, 'com.qa.crm.tests.FormPageTest')
data.setCell(26, 3, 17);
data.setCell(27, 0, 27)
data.setCell(27, 1, 'formSubmitPageTest')
data.setCell(27, 2, 'com.qa.crm.tests.FormPageTest')
data.setCell(27, 3, 17);
data.setCell(28, 0, 28)
data.setCell(28, 1, 'homePageTitleTest')
data.setCell(28, 2, 'com.qa.crm.tests.HomePageTest')
data.setCell(28, 3, 16);
window.suiteTableData['CRM_App_Test_Regression_Suite']= { tableData: data, tableDiv: 'times-div-CRM_App_Test_Regression_Suite'}
return data;
}
              </script>
              <span class="suite-total-time">Total running time: 1 minutes</span>
              <div id="times-div-CRM_App_Test_Regression_Suite">
              </div> <!-- times-div-CRM_App_Test_Regression_Suite -->
            </div> <!-- times-div -->
          </div> <!-- main-panel-content rounded-window-bottom -->
        </div> <!-- panel -->
        <div panel-name="reporter-CRM_App_Test_Regression_Suite" class="panel">
          <div class="main-panel-header rounded-window-top">
            <span class="header-content">Reporter output for CRM App Test Regression Suite</span>
          </div> <!-- main-panel-header rounded-window-top -->
          <div class="main-panel-content rounded-window-bottom">
          </div> <!-- main-panel-content rounded-window-bottom -->
        </div> <!-- panel -->
        <div panel-name="ignored-methods-CRM_App_Test_Regression_Suite" class="panel">
          <div class="main-panel-header rounded-window-top">
            <span class="header-content">0 ignored methods</span>
          </div> <!-- main-panel-header rounded-window-top -->
          <div class="main-panel-content rounded-window-bottom">
          </div> <!-- main-panel-content rounded-window-bottom -->
        </div> <!-- panel -->
        <div panel-name="chronological-CRM_App_Test_Regression_Suite" class="panel">
          <div class="main-panel-header rounded-window-top">
            <span class="header-content">Methods in chronological order</span>
          </div> <!-- main-panel-header rounded-window-top -->
          <div class="main-panel-content rounded-window-bottom">
            <div class="chronological-class">
              <div class="chronological-class-name">com.qa.crm.tests.LoginPageTest</div> <!-- chronological-class-name -->
              <div class="configuration-test before">
                <span class="method-name">setup(chrome)</span>
                <span class="method-start">0 ms</span>
              </div> <!-- configuration-test before -->
            </div> <!-- chronological-class -->
            <div class="chronological-class">
              <div class="chronological-class-name">com.qa.crm.tests.HomePageTest</div> <!-- chronological-class-name -->
              <div class="configuration-test before">
                <span class="method-name">setup(firefox)</span>
                <span class="method-start">0 ms</span>
              </div> <!-- configuration-test before -->
            </div> <!-- chronological-class -->
            <div class="chronological-class">
              <div class="chronological-class-name">com.qa.crm.tests.FormPageTest</div> <!-- chronological-class-name -->
              <div class="configuration-test before">
                <span class="method-name">setup(chrome)</span>
                <span class="method-start">0 ms</span>
              </div> <!-- configuration-test before -->
            </div> <!-- chronological-class -->
            <div class="chronological-class">
              <div class="chronological-class-name">com.qa.crm.tests.ContactsPageTest</div> <!-- chronological-class-name -->
              <div class="configuration-test before">
                <span class="method-name">setup(chrome)</span>
                <span class="method-start">1 ms</span>
              </div> <!-- configuration-test before -->
            </div> <!-- chronological-class -->
            <div class="chronological-class">
              <div class="chronological-class-name">com.qa.crm.tests.FormPageTest</div> <!-- chronological-class-name -->
              <div class="configuration-class before">
                <span class="method-name">formSetup</span>
                <span class="method-start">19465 ms</span>
              </div> <!-- configuration-class before -->
            </div> <!-- chronological-class -->
            <div class="chronological-class">
              <div class="chronological-class-name">com.qa.crm.tests.ContactsPageTest</div> <!-- chronological-class-name -->
              <div class="configuration-class before">
                <span class="method-name">homeSetup</span>
                <span class="method-start">19481 ms</span>
              </div> <!-- configuration-class before -->
            </div> <!-- chronological-class -->
            <div class="chronological-class">
              <div class="chronological-class-name">com.qa.crm.tests.LoginPageTest</div> <!-- chronological-class-name -->
              <div class="test-method">
                <span class="method-name">bellIconExist</span>
                <span class="method-start">19578 ms</span>
              </div> <!-- test-method -->
            </div> <!-- chronological-class -->
            <div class="chronological-class">
              <div class="chronological-class-name">com.qa.crm.tests.HomePageTest</div> <!-- chronological-class-name -->
              <div class="configuration-class before">
                <span class="method-name">homeSetup</span>
                <span class="method-start">22279 ms</span>
              </div> <!-- configuration-class before -->
            </div> <!-- chronological-class -->
            <div class="chronological-class">
              <div class="chronological-class-name">com.qa.crm.tests.LoginPageTest</div> <!-- chronological-class-name -->
              <div class="test-method">
                <span class="method-name">loginPageTitleTest</span>
                <span class="method-start">23195 ms</span>
              </div> <!-- test-method -->
              <div class="test-method">
                <span class="method-name">loginPageURLTest</span>
                <span class="method-start">23390 ms</span>
              </div> <!-- test-method -->
              <div class="test-method">
                <span class="method-name">loginTest</span>
                <span class="method-start">23442 ms</span>
              </div> <!-- test-method -->
            </div> <!-- chronological-class -->
            <div class="chronological-class">
              <div class="chronological-class-name">com.qa.crm.tests.HomePageTest</div> <!-- chronological-class-name -->
              <div class="test-method">
                <span class="method-name">homePageTitleTest</span>
                <span class="method-start">26166 ms</span>
              </div> <!-- test-method -->
              <div class="test-method">
                <span class="method-name">isHomePageIconTest</span>
                <span class="method-start">26185 ms</span>
              </div> <!-- test-method -->
            </div> <!-- chronological-class -->
            <div class="chronological-class">
              <div class="chronological-class-name">com.qa.crm.tests.LoginPageTest</div> <!-- chronological-class-name -->
              <div class="configuration-test after">
                <span class="method-name">tearDown</span>
                <span class="method-start">28927 ms</span>
              </div> <!-- configuration-test after -->
            </div> <!-- chronological-class -->
            <div class="chronological-class">
              <div class="chronological-class-name">com.qa.crm.tests.HomePageTest</div> <!-- chronological-class-name -->
              <div class="test-method">
                <span class="method-name">isCalendarPageIconTest</span>
                <span class="method-start">29192 ms</span>
              </div> <!-- test-method -->
              <div class="test-method">
                <span class="method-name">isContactsPageIconTest</span>
                <span class="method-start">31595 ms</span>
              </div> <!-- test-method -->
              <div class="test-method">
                <span class="method-name">homePageHeadersCountTest</span>
                <span class="method-start">32524 ms</span>
              </div> <!-- test-method -->
              <div class="test-method">
                <span class="method-name">homePageHeadersTest</span>
                <span class="method-start">32583 ms</span>
              </div> <!-- test-method -->
              <div class="configuration-test after">
                <span class="method-name">tearDown</span>
                <span class="method-start">32644 ms</span>
              </div> <!-- configuration-test after -->
            </div> <!-- chronological-class -->
            <div class="chronological-class">
              <div class="chronological-class-name">com.qa.crm.tests.ContactsPageTest</div> <!-- chronological-class-name -->
              <div class="test-method">
                <span class="method-name">verifyContactsPageLabelTest</span>
                <span class="method-start">32900 ms</span>
              </div> <!-- test-method -->
              <div class="test-method">
                <span class="method-name">createNewContactTest(Joe, Simon, Amazon)</span>
                <span class="method-start">36082 ms</span>
              </div> <!-- test-method -->
            </div> <!-- chronological-class -->
            <div class="chronological-class">
              <div class="chronological-class-name">com.qa.crm.tests.FormPageTest</div> <!-- chronological-class-name -->
              <div class="test-method">
                <span class="method-name">formSubmitPageTest(TOM, Testing123, GSDFSDCSXCC)</span>
                <span class="method-start">37220 ms</span>
              </div> <!-- test-method -->
              <div class="test-method">
                <span class="method-name">formSubmitPageTest(TOM, Testing123, GSDFSDCSXCC)</span>
                <span class="method-start">47695 ms</span>
              </div> <!-- test-method -->
              <div class="test-method">
                <span class="method-name">formSubmitPageTest(TOM, Testing123, GSDFSDCSXCC)</span>
                <span class="method-start">47722 ms</span>
              </div> <!-- test-method -->
              <div class="test-method">
                <img src="failed.png">
                </img>
                <span class="method-name">formSubmitPageTest(TOM, Testing123, GSDFSDCSXCC)</span>
                <span class="method-start">47744 ms</span>
              </div> <!-- test-method -->
              <div class="test-method">
                <span class="method-name">formSubmitPageTest(David, Testing345, ASDASDASD)</span>
                <span class="method-start">48224 ms</span>
              </div> <!-- test-method -->
              <div class="test-method">
                <span class="method-name">formSubmitPageTest(David, Testing345, ASDASDASD)</span>
                <span class="method-start">48249 ms</span>
              </div> <!-- test-method -->
              <div class="test-method">
                <span class="method-name">formSubmitPageTest(David, Testing345, ASDASDASD)</span>
                <span class="method-start">48271 ms</span>
              </div> <!-- test-method -->
              <div class="test-method">
                <img src="failed.png">
                </img>
                <span class="method-name">formSubmitPageTest(David, Testing345, ASDASDASD)</span>
                <span class="method-start">48295 ms</span>
              </div> <!-- test-method -->
              <div class="test-method">
                <span class="method-name">formSubmitPageTest(Mukta, Testing567, GDFSDFFFF)</span>
                <span class="method-start">48608 ms</span>
              </div> <!-- test-method -->
              <div class="test-method">
                <span class="method-name">formSubmitPageTest(Mukta, Testing567, GDFSDFFFF)</span>
                <span class="method-start">48627 ms</span>
              </div> <!-- test-method -->
              <div class="test-method">
                <span class="method-name">formSubmitPageTest(Mukta, Testing567, GDFSDFFFF)</span>
                <span class="method-start">48655 ms</span>
              </div> <!-- test-method -->
              <div class="test-method">
                <img src="failed.png">
                </img>
                <span class="method-name">formSubmitPageTest(Mukta, Testing567, GDFSDFFFF)</span>
                <span class="method-start">48676 ms</span>
              </div> <!-- test-method -->
              <div class="configuration-test after">
                <span class="method-name">tearDown</span>
                <span class="method-start">49010 ms</span>
              </div> <!-- configuration-test after -->
            </div> <!-- chronological-class -->
            <div class="chronological-class">
              <div class="chronological-class-name">com.qa.crm.tests.ContactsPageTest</div> <!-- chronological-class-name -->
              <div class="test-method">
                <span class="method-name">createNewContactTest(Bret, Lee, Flipkart)</span>
                <span class="method-start">50920 ms</span>
              </div> <!-- test-method -->
              <div class="test-method">
                <span class="method-name">createNewContactTest(Andy, Flower, Google)</span>
                <span class="method-start">64675 ms</span>
              </div> <!-- test-method -->
              <div class="test-method">
                <span class="method-name">searchTest(Joe, Joe Simon)</span>
                <span class="method-start">78985 ms</span>
              </div> <!-- test-method -->
              <div class="test-method">
                <span class="method-name">searchTest(Bret, Bret Lee)</span>
                <span class="method-start">90772 ms</span>
              </div> <!-- test-method -->
              <div class="test-method">
                <span class="method-name">searchTest(Andy, Andy Flower)</span>
                <span class="method-start">100625 ms</span>
              </div> <!-- test-method -->
              <div class="configuration-test after">
                <span class="method-name">tearDown</span>
                <span class="method-start">110493 ms</span>
              </div> <!-- configuration-test after -->
          </div> <!-- main-panel-content rounded-window-bottom -->
        </div> <!-- panel -->
      </div> <!-- main-panel-root -->
    </div> <!-- wrapper -->
  </body>
<script type="text/javascript" src="testng-reports2.js"></script>
</html>
